#
# There is insufficient memory for the Java Runtime Environment to continue.
# Native memory allocation (malloc) failed to allocate 259136 bytes for Chunk::new
# Possible reasons:
#   The system is out of physical RAM or swap space
#   The process is running with CompressedOops enabled, and the Java Heap may be blocking the growth of the native heap
# Possible solutions:
#   Reduce memory load on the system
#   Increase physical memory or swap space
#   Check if swap backing store is full
#   Decrease Java heap size (-Xmx/-Xms)
#   Decrease number of Java threads
#   Decrease Java thread stack sizes (-Xss)
#   Set larger code cache with -XX:ReservedCodeCacheSize=
#   JVM is running with Zero Based Compressed Oops mode in which the Java heap is
#     placed in the first 32GB address space. The Java Heap base address is the
#     maximum limit for the native heap growth. Please use -XX:HeapBaseMinAddress
#     to set the Java Heap base and to place the Java Heap above 32GB virtual address.
# This output file may be truncated or incomplete.
#
#  Out of Memory Error (arena.cpp:195), pid=10460, tid=5520
#
# JRE version: OpenJDK Runtime Environment (16.0.2+7) (build 16.0.2+7-67)
# Java VM: OpenJDK 64-Bit Server VM (16.0.2+7-67, mixed mode, sharing, tiered, compressed oops, compressed class ptrs, g1 gc, windows-amd64)
# No core dump will be written. Minidumps are not enabled by default on client versions of Windows
#

---------------  S U M M A R Y ------------

Command Line: -Dmaven.multiModuleProjectDirectory=C:\Users\britsg\Documents\NWU\2021\Second Semester\CMPG323\Project 1 New\AccountSystem -Dmaven.home=C:\Users\britsg\Documents\NWU\2021\Second Semester\CMPG323\Project 1\apache-maven-3.8.2-bin\apache-maven-3.8.2 -Dclassworlds.conf=C:\Users\britsg\Documents\NWU\2021\Second Semester\CMPG323\Project 1\apache-maven-3.8.2-bin\apache-maven-3.8.2\bin\m2.conf -Dmaven.ext.class.path=C:\Program Files\JetBrains\IntelliJ IDEA Community Edition 2021.2.1\plugins\maven\lib\maven-event-listener.jar -javaagent:C:\Program Files\JetBrains\IntelliJ IDEA Community Edition 2021.2.1\lib\idea_rt.jar=59553:C:\Program Files\JetBrains\IntelliJ IDEA Community Edition 2021.2.1\bin -Dfile.encoding=UTF-8 org.codehaus.classworlds.Launcher -Didea.version=2021.2.1 -s C:\Users\britsg\Documents\NWU\2021\Second Semester\CMPG323\Project 1\apache-maven-3.8.2-bin\apache-maven-3.8.2\conf\settings.xml clean install

Host: Intel(R) Core(TM) i7-8550U CPU @ 1.80GHz, 8 cores, 15G,  Windows 10 , 64 bit Build 18362 (10.0.18362.1110)
Time: Tue Oct  5 07:43:30 2021 South Africa Standard Time elapsed time: 3.540975 seconds (0d 0h 0m 3s)

---------------  T H R E A D  ---------------

Current thread (0x00000187f534ea20):  JavaThread "C2 CompilerThread0" daemon [_thread_in_native, id=5520, stack(0x000000755eb00000,0x000000755ec00000)]


Current CompileTask:
C2:   3541 2966   !   4       org.apache.maven.model.interpolation.StringVisitorModelInterpolator$1::interpolate (97 bytes)

Stack: [0x000000755eb00000,0x000000755ec00000]
Native frames: (J=compiled Java code, j=interpreted, Vv=VM code, C=native code)
V  [jvm.dll+0x6681ca]
V  [jvm.dll+0x7c9e69]
V  [jvm.dll+0x7cb61e]
V  [jvm.dll+0x7cbc73]
V  [jvm.dll+0x242c55]
V  [jvm.dll+0xadeba]
V  [jvm.dll+0xae45c]
V  [jvm.dll+0x2a4cdf]
V  [jvm.dll+0x573c29]
V  [jvm.dll+0x21e905]
V  [jvm.dll+0x217c01]
V  [jvm.dll+0x214ffc]
V  [jvm.dll+0x1a1beb]
V  [jvm.dll+0x225158]
V  [jvm.dll+0x22319c]
V  [jvm.dll+0x77fa62]
V  [jvm.dll+0x7795aa]
V  [jvm.dll+0x667066]
C  [ucrtbase.dll+0x210b2]
C  [KERNEL32.DLL+0x17c24]
C  [ntdll.dll+0x6d4d1]


---------------  P R O C E S S  ---------------

Threads class SMR info:
_java_thread_list=0x00000187f6cb8870, length=15, elements={
0x00000187d26f29c0, 0x00000187f5336200, 0x00000187f5337770, 0x00000187f5343830,
0x00000187f5347260, 0x00000187f5348310, 0x00000187f53493c0, 0x00000187f534ea20,
0x00000187f5d0b890, 0x00000187f5d109b0, 0x00000187f5e0cd20, 0x00000187f5f14cc0,
0x00000187f5f151e0, 0x00000187f69962b0, 0x00000187f6994c70
}

Java Threads: ( => current thread )
  0x00000187d26f29c0 JavaThread "main" [_thread_in_vm, id=16172, stack(0x000000755de00000,0x000000755df00000)]
  0x00000187f5336200 JavaThread "Reference Handler" daemon [_thread_blocked, id=18524, stack(0x000000755e500000,0x000000755e600000)]
  0x00000187f5337770 JavaThread "Finalizer" daemon [_thread_blocked, id=4616, stack(0x000000755e600000,0x000000755e700000)]
  0x00000187f5343830 JavaThread "Signal Dispatcher" daemon [_thread_blocked, id=22120, stack(0x000000755e700000,0x000000755e800000)]
  0x00000187f5347260 JavaThread "Attach Listener" daemon [_thread_blocked, id=7540, stack(0x000000755e800000,0x000000755e900000)]
  0x00000187f5348310 JavaThread "Service Thread" daemon [_thread_blocked, id=3392, stack(0x000000755e900000,0x000000755ea00000)]
  0x00000187f53493c0 JavaThread "Monitor Deflation Thread" daemon [_thread_blocked, id=7984, stack(0x000000755ea00000,0x000000755eb00000)]
=>0x00000187f534ea20 JavaThread "C2 CompilerThread0" daemon [_thread_in_native, id=5520, stack(0x000000755eb00000,0x000000755ec00000)]
  0x00000187f5d0b890 JavaThread "C1 CompilerThread0" daemon [_thread_in_native, id=14104, stack(0x000000755ec00000,0x000000755ed00000)]
  0x00000187f5d109b0 JavaThread "Sweeper thread" daemon [_thread_blocked, id=1444, stack(0x000000755ed00000,0x000000755ee00000)]
  0x00000187f5e0cd20 JavaThread "Common-Cleaner" daemon [_thread_blocked, id=14016, stack(0x000000755ee00000,0x000000755ef00000)]
  0x00000187f5f14cc0 JavaThread "Monitor Ctrl-Break" daemon [_thread_in_native, id=5344, stack(0x000000755ef00000,0x000000755f000000)]
  0x00000187f5f151e0 JavaThread "Notification Thread" daemon [_thread_blocked, id=18628, stack(0x000000755f000000,0x000000755f100000)]
  0x00000187f69962b0 JavaThread "C2 CompilerThread1" daemon [_thread_in_native, id=14732, stack(0x000000755f200000,0x000000755f300000)]
  0x00000187f6994c70 JavaThread "C2 CompilerThread2" daemon [_thread_in_native, id=9432, stack(0x000000755fa00000,0x000000755fb00000)]

Other Threads:
  0x00000187f5332f10 VMThread "VM Thread" [stack: 0x000000755e400000,0x000000755e500000] [id=13612]
  0x00000187f5f15b00 WatcherThread [stack: 0x000000755f100000,0x000000755f200000] [id=17780]
  0x00000187d2745ec0 GCTaskThread "GC Thread#0" [stack: 0x000000755df00000,0x000000755e000000] [id=12636]
  0x00000187f668a3d0 GCTaskThread "GC Thread#1" [stack: 0x000000755f400000,0x000000755f500000] [id=17612]
  0x00000187f68205b0 GCTaskThread "GC Thread#2" [stack: 0x000000755f500000,0x000000755f600000] [id=13112]
  0x00000187f69e2580 GCTaskThread "GC Thread#3" [stack: 0x000000755f600000,0x000000755f700000] [id=18560]
  0x00000187f69e2890 GCTaskThread "GC Thread#4" [stack: 0x000000755f700000,0x000000755f800000] [id=19052]
  0x00000187f6708af0 GCTaskThread "GC Thread#5" [stack: 0x000000755f800000,0x000000755f900000] [id=3904]
  0x00000187f679b9a0 GCTaskThread "GC Thread#6" [stack: 0x000000755f900000,0x000000755fa00000] [id=16192]
  0x00000187f6754ca0 GCTaskThread "GC Thread#7" [stack: 0x000000755f300000,0x000000755f400000] [id=3832]
  0x00000187d2756c60 ConcurrentGCThread "G1 Main Marker" [stack: 0x000000755e000000,0x000000755e100000] [id=2776]
  0x00000187d27575e0 ConcurrentGCThread "G1 Conc#0" [stack: 0x000000755e100000,0x000000755e200000] [id=19404]
  0x00000187d27bd7d0 ConcurrentGCThread "G1 Refine#0" [stack: 0x000000755e200000,0x000000755e300000] [id=580]
  0x00000187d27be160 ConcurrentGCThread "G1 Service" [stack: 0x000000755e300000,0x000000755e400000] [id=5108]

Threads with active compile tasks:
C2 CompilerThread0     3596 2966   !   4       org.apache.maven.model.interpolation.StringVisitorModelInterpolator$1::interpolate (97 bytes)
C1 CompilerThread0     3596 3017       3       org.codehaus.plexus.util.xml.Xpp3Dom::mergeIntoXpp3Dom (490 bytes)
C2 CompilerThread1     3596 2494   !   4       org.codehaus.plexus.interpolation.StringSearchInterpolator::interpolate (650 bytes)
C2 CompilerThread2     3596 2897       4       java.lang.StringCoding::decodeUTF8_0 (899 bytes)

VM state: not at safepoint (normal execution)

VM Mutex/Monitor currently owned by a thread: None

Heap address: 0x0000000701a00000, size: 4070 MB, Compressed Oops mode: Zero based, Oop shift amount: 3

CDS archive(s) mapped at: [0x0000000800000000-0x0000000800bb0000-0x0000000800bb0000), size 12255232, SharedBaseAddress: 0x0000000800000000, ArchiveRelocationMode: 0.
Compressed class space mapped at: 0x0000000800c00000-0x0000000840c00000, reserved size: 1073741824
Narrow klass base: 0x0000000800000000, Narrow klass shift: 3, Narrow klass range: 0x100000000

GC Precious Log:
 CPUs: 8 total, 8 available
 Memory: 16275M
 Large Page Support: Disabled
 NUMA Support: Disabled
 Compressed Oops: Enabled (Zero based)
 Heap Region Size: 2M
 Heap Min Capacity: 8M
 Heap Initial Capacity: 256M
 Heap Max Capacity: 4070M
 Pre-touch: Disabled
 Parallel Workers: 8
 Concurrent Workers: 2
 Concurrent Refinement Workers: 8
 Periodic GC: Disabled

Heap:
 garbage-first heap   total 262144K, used 64674K [0x0000000701a00000, 0x0000000800000000)
  region size 2048K, 31 young (63488K), 1 survivors (2048K)
 Metaspace       used 13488K, committed 13696K, reserved 1064960K
  class space    used 1499K, committed 1600K, reserved 1048576K

Heap Regions: E=young(eden), S=young(survivor), O=old, HS=humongous(starts), HC=humongous(continues), CS=collection set, F=free, OA=open archive, CA=closed archive, TAMS=top-at-mark-start (previous, next)
|   0|0x0000000701a00000, 0x0000000701c00000, 0x0000000701c00000|100%| O|  |TAMS 0x0000000701a00000, 0x0000000701a00000| Untracked 
|   1|0x0000000701c00000, 0x0000000701d79a00, 0x0000000701e00000| 73%| O|  |TAMS 0x0000000701c00000, 0x0000000701c00000| Untracked 
|   2|0x0000000701e00000, 0x0000000701e00000, 0x0000000702000000|  0%| F|  |TAMS 0x0000000701e00000, 0x0000000701e00000| Untracked 
|   3|0x0000000702000000, 0x0000000702000000, 0x0000000702200000|  0%| F|  |TAMS 0x0000000702000000, 0x0000000702000000| Untracked 
|   4|0x0000000702200000, 0x0000000702200000, 0x0000000702400000|  0%| F|  |TAMS 0x0000000702200000, 0x0000000702200000| Untracked 
|   5|0x0000000702400000, 0x0000000702400000, 0x0000000702600000|  0%| F|  |TAMS 0x0000000702400000, 0x0000000702400000| Untracked 
|   6|0x0000000702600000, 0x0000000702600000, 0x0000000702800000|  0%| F|  |TAMS 0x0000000702600000, 0x0000000702600000| Untracked 
|   7|0x0000000702800000, 0x0000000702800000, 0x0000000702a00000|  0%| F|  |TAMS 0x0000000702800000, 0x0000000702800000| Untracked 
|   8|0x0000000702a00000, 0x0000000702a00000, 0x0000000702c00000|  0%| F|  |TAMS 0x0000000702a00000, 0x0000000702a00000| Untracked 
|   9|0x0000000702c00000, 0x0000000702c00000, 0x0000000702e00000|  0%| F|  |TAMS 0x0000000702c00000, 0x0000000702c00000| Untracked 
|  10|0x0000000702e00000, 0x0000000702e00000, 0x0000000703000000|  0%| F|  |TAMS 0x0000000702e00000, 0x0000000702e00000| Untracked 
|  11|0x0000000703000000, 0x0000000703000000, 0x0000000703200000|  0%| F|  |TAMS 0x0000000703000000, 0x0000000703000000| Untracked 
|  12|0x0000000703200000, 0x0000000703200000, 0x0000000703400000|  0%| F|  |TAMS 0x0000000703200000, 0x0000000703200000| Untracked 
|  13|0x0000000703400000, 0x0000000703400000, 0x0000000703600000|  0%| F|  |TAMS 0x0000000703400000, 0x0000000703400000| Untracked 
|  14|0x0000000703600000, 0x0000000703600000, 0x0000000703800000|  0%| F|  |TAMS 0x0000000703600000, 0x0000000703600000| Untracked 
|  15|0x0000000703800000, 0x0000000703800000, 0x0000000703a00000|  0%| F|  |TAMS 0x0000000703800000, 0x0000000703800000| Untracked 
|  16|0x0000000703a00000, 0x0000000703a00000, 0x0000000703c00000|  0%| F|  |TAMS 0x0000000703a00000, 0x0000000703a00000| Untracked 
|  17|0x0000000703c00000, 0x0000000703c00000, 0x0000000703e00000|  0%| F|  |TAMS 0x0000000703c00000, 0x0000000703c00000| Untracked 
|  18|0x0000000703e00000, 0x0000000703e00000, 0x0000000704000000|  0%| F|  |TAMS 0x0000000703e00000, 0x0000000703e00000| Untracked 
|  19|0x0000000704000000, 0x0000000704000000, 0x0000000704200000|  0%| F|  |TAMS 0x0000000704000000, 0x0000000704000000| Untracked 
|  20|0x0000000704200000, 0x0000000704200000, 0x0000000704400000|  0%| F|  |TAMS 0x0000000704200000, 0x0000000704200000| Untracked 
|  21|0x0000000704400000, 0x0000000704400000, 0x0000000704600000|  0%| F|  |TAMS 0x0000000704400000, 0x0000000704400000| Untracked 
|  22|0x0000000704600000, 0x0000000704600000, 0x0000000704800000|  0%| F|  |TAMS 0x0000000704600000, 0x0000000704600000| Untracked 
|  23|0x0000000704800000, 0x0000000704800000, 0x0000000704a00000|  0%| F|  |TAMS 0x0000000704800000, 0x0000000704800000| Untracked 
|  24|0x0000000704a00000, 0x0000000704a00000, 0x0000000704c00000|  0%| F|  |TAMS 0x0000000704a00000, 0x0000000704a00000| Untracked 
|  25|0x0000000704c00000, 0x0000000704c00000, 0x0000000704e00000|  0%| F|  |TAMS 0x0000000704c00000, 0x0000000704c00000| Untracked 
|  26|0x0000000704e00000, 0x0000000704e00000, 0x0000000705000000|  0%| F|  |TAMS 0x0000000704e00000, 0x0000000704e00000| Untracked 
|  27|0x0000000705000000, 0x0000000705000000, 0x0000000705200000|  0%| F|  |TAMS 0x0000000705000000, 0x0000000705000000| Untracked 
|  28|0x0000000705200000, 0x0000000705200000, 0x0000000705400000|  0%| F|  |TAMS 0x0000000705200000, 0x0000000705200000| Untracked 
|  29|0x0000000705400000, 0x0000000705400000, 0x0000000705600000|  0%| F|  |TAMS 0x0000000705400000, 0x0000000705400000| Untracked 
|  30|0x0000000705600000, 0x0000000705600000, 0x0000000705800000|  0%| F|  |TAMS 0x0000000705600000, 0x0000000705600000| Untracked 
|  31|0x0000000705800000, 0x0000000705800000, 0x0000000705a00000|  0%| F|  |TAMS 0x0000000705800000, 0x0000000705800000| Untracked 
|  32|0x0000000705a00000, 0x0000000705a00000, 0x0000000705c00000|  0%| F|  |TAMS 0x0000000705a00000, 0x0000000705a00000| Untracked 
|  33|0x0000000705c00000, 0x0000000705c00000, 0x0000000705e00000|  0%| F|  |TAMS 0x0000000705c00000, 0x0000000705c00000| Untracked 
|  34|0x0000000705e00000, 0x0000000705e00000, 0x0000000706000000|  0%| F|  |TAMS 0x0000000705e00000, 0x0000000705e00000| Untracked 
|  35|0x0000000706000000, 0x0000000706000000, 0x0000000706200000|  0%| F|  |TAMS 0x0000000706000000, 0x0000000706000000| Untracked 
|  36|0x0000000706200000, 0x0000000706200000, 0x0000000706400000|  0%| F|  |TAMS 0x0000000706200000, 0x0000000706200000| Untracked 
|  37|0x0000000706400000, 0x0000000706400000, 0x0000000706600000|  0%| F|  |TAMS 0x0000000706400000, 0x0000000706400000| Untracked 
|  38|0x0000000706600000, 0x0000000706600000, 0x0000000706800000|  0%| F|  |TAMS 0x0000000706600000, 0x0000000706600000| Untracked 
|  39|0x0000000706800000, 0x0000000706800000, 0x0000000706a00000|  0%| F|  |TAMS 0x0000000706800000, 0x0000000706800000| Untracked 
|  40|0x0000000706a00000, 0x0000000706a00000, 0x0000000706c00000|  0%| F|  |TAMS 0x0000000706a00000, 0x0000000706a00000| Untracked 
|  41|0x0000000706c00000, 0x0000000706c00000, 0x0000000706e00000|  0%| F|  |TAMS 0x0000000706c00000, 0x0000000706c00000| Untracked 
|  42|0x0000000706e00000, 0x0000000706e00000, 0x0000000707000000|  0%| F|  |TAMS 0x0000000706e00000, 0x0000000706e00000| Untracked 
|  43|0x0000000707000000, 0x0000000707000000, 0x0000000707200000|  0%| F|  |TAMS 0x0000000707000000, 0x0000000707000000| Untracked 
|  44|0x0000000707200000, 0x0000000707200000, 0x0000000707400000|  0%| F|  |TAMS 0x0000000707200000, 0x0000000707200000| Untracked 
|  45|0x0000000707400000, 0x0000000707400000, 0x0000000707600000|  0%| F|  |TAMS 0x0000000707400000, 0x0000000707400000| Untracked 
|  46|0x0000000707600000, 0x0000000707600000, 0x0000000707800000|  0%| F|  |TAMS 0x0000000707600000, 0x0000000707600000| Untracked 
|  47|0x0000000707800000, 0x0000000707800000, 0x0000000707a00000|  0%| F|  |TAMS 0x0000000707800000, 0x0000000707800000| Untracked 
|  48|0x0000000707a00000, 0x0000000707a00000, 0x0000000707c00000|  0%| F|  |TAMS 0x0000000707a00000, 0x0000000707a00000| Untracked 
|  49|0x0000000707c00000, 0x0000000707c00000, 0x0000000707e00000|  0%| F|  |TAMS 0x0000000707c00000, 0x0000000707c00000| Untracked 
|  50|0x0000000707e00000, 0x0000000707e00000, 0x0000000708000000|  0%| F|  |TAMS 0x0000000707e00000, 0x0000000707e00000| Untracked 
|  51|0x0000000708000000, 0x0000000708000000, 0x0000000708200000|  0%| F|  |TAMS 0x0000000708000000, 0x0000000708000000| Untracked 
|  52|0x0000000708200000, 0x0000000708200000, 0x0000000708400000|  0%| F|  |TAMS 0x0000000708200000, 0x0000000708200000| Untracked 
|  53|0x0000000708400000, 0x0000000708400000, 0x0000000708600000|  0%| F|  |TAMS 0x0000000708400000, 0x0000000708400000| Untracked 
|  54|0x0000000708600000, 0x0000000708600000, 0x0000000708800000|  0%| F|  |TAMS 0x0000000708600000, 0x0000000708600000| Untracked 
|  55|0x0000000708800000, 0x0000000708800000, 0x0000000708a00000|  0%| F|  |TAMS 0x0000000708800000, 0x0000000708800000| Untracked 
|  56|0x0000000708a00000, 0x0000000708a00000, 0x0000000708c00000|  0%| F|  |TAMS 0x0000000708a00000, 0x0000000708a00000| Untracked 
|  57|0x0000000708c00000, 0x0000000708c00000, 0x0000000708e00000|  0%| F|  |TAMS 0x0000000708c00000, 0x0000000708c00000| Untracked 
|  58|0x0000000708e00000, 0x0000000708e00000, 0x0000000709000000|  0%| F|  |TAMS 0x0000000708e00000, 0x0000000708e00000| Untracked 
|  59|0x0000000709000000, 0x0000000709000000, 0x0000000709200000|  0%| F|  |TAMS 0x0000000709000000, 0x0000000709000000| Untracked 
|  60|0x0000000709200000, 0x0000000709200000, 0x0000000709400000|  0%| F|  |TAMS 0x0000000709200000, 0x0000000709200000| Untracked 
|  61|0x0000000709400000, 0x0000000709400000, 0x0000000709600000|  0%| F|  |TAMS 0x0000000709400000, 0x0000000709400000| Untracked 
|  62|0x0000000709600000, 0x0000000709600000, 0x0000000709800000|  0%| F|  |TAMS 0x0000000709600000, 0x0000000709600000| Untracked 
|  63|0x0000000709800000, 0x0000000709800000, 0x0000000709a00000|  0%| F|  |TAMS 0x0000000709800000, 0x0000000709800000| Untracked 
|  64|0x0000000709a00000, 0x0000000709a00000, 0x0000000709c00000|  0%| F|  |TAMS 0x0000000709a00000, 0x0000000709a00000| Untracked 
|  65|0x0000000709c00000, 0x0000000709c00000, 0x0000000709e00000|  0%| F|  |TAMS 0x0000000709c00000, 0x0000000709c00000| Untracked 
|  66|0x0000000709e00000, 0x0000000709e00000, 0x000000070a000000|  0%| F|  |TAMS 0x0000000709e00000, 0x0000000709e00000| Untracked 
|  67|0x000000070a000000, 0x000000070a000000, 0x000000070a200000|  0%| F|  |TAMS 0x000000070a000000, 0x000000070a000000| Untracked 
|  68|0x000000070a200000, 0x000000070a200000, 0x000000070a400000|  0%| F|  |TAMS 0x000000070a200000, 0x000000070a200000| Untracked 
|  69|0x000000070a400000, 0x000000070a400000, 0x000000070a600000|  0%| F|  |TAMS 0x000000070a400000, 0x000000070a400000| Untracked 
|  70|0x000000070a600000, 0x000000070a600000, 0x000000070a800000|  0%| F|  |TAMS 0x000000070a600000, 0x000000070a600000| Untracked 
|  71|0x000000070a800000, 0x000000070a800000, 0x000000070aa00000|  0%| F|  |TAMS 0x000000070a800000, 0x000000070a800000| Untracked 
|  72|0x000000070aa00000, 0x000000070aa00000, 0x000000070ac00000|  0%| F|  |TAMS 0x000000070aa00000, 0x000000070aa00000| Untracked 
|  73|0x000000070ac00000, 0x000000070ac00000, 0x000000070ae00000|  0%| F|  |TAMS 0x000000070ac00000, 0x000000070ac00000| Untracked 
|  74|0x000000070ae00000, 0x000000070ae00000, 0x000000070b000000|  0%| F|  |TAMS 0x000000070ae00000, 0x000000070ae00000| Untracked 
|  75|0x000000070b000000, 0x000000070b000000, 0x000000070b200000|  0%| F|  |TAMS 0x000000070b000000, 0x000000070b000000| Untracked 
|  76|0x000000070b200000, 0x000000070b200000, 0x000000070b400000|  0%| F|  |TAMS 0x000000070b200000, 0x000000070b200000| Untracked 
|  77|0x000000070b400000, 0x000000070b400000, 0x000000070b600000|  0%| F|  |TAMS 0x000000070b400000, 0x000000070b400000| Untracked 
|  78|0x000000070b600000, 0x000000070b600000, 0x000000070b800000|  0%| F|  |TAMS 0x000000070b600000, 0x000000070b600000| Untracked 
|  79|0x000000070b800000, 0x000000070b800000, 0x000000070ba00000|  0%| F|  |TAMS 0x000000070b800000, 0x000000070b800000| Untracked 
|  80|0x000000070ba00000, 0x000000070ba00000, 0x000000070bc00000|  0%| F|  |TAMS 0x000000070ba00000, 0x000000070ba00000| Untracked 
|  81|0x000000070bc00000, 0x000000070bc00000, 0x000000070be00000|  0%| F|  |TAMS 0x000000070bc00000, 0x000000070bc00000| Untracked 
|  82|0x000000070be00000, 0x000000070be00000, 0x000000070c000000|  0%| F|  |TAMS 0x000000070be00000, 0x000000070be00000| Untracked 
|  83|0x000000070c000000, 0x000000070c000000, 0x000000070c200000|  0%| F|  |TAMS 0x000000070c000000, 0x000000070c000000| Untracked 
|  84|0x000000070c200000, 0x000000070c200000, 0x000000070c400000|  0%| F|  |TAMS 0x000000070c200000, 0x000000070c200000| Untracked 
|  85|0x000000070c400000, 0x000000070c400000, 0x000000070c600000|  0%| F|  |TAMS 0x000000070c400000, 0x000000070c400000| Untracked 
|  86|0x000000070c600000, 0x000000070c600000, 0x000000070c800000|  0%| F|  |TAMS 0x000000070c600000, 0x000000070c600000| Untracked 
|  87|0x000000070c800000, 0x000000070c800000, 0x000000070ca00000|  0%| F|  |TAMS 0x000000070c800000, 0x000000070c800000| Untracked 
|  88|0x000000070ca00000, 0x000000070ca00000, 0x000000070cc00000|  0%| F|  |TAMS 0x000000070ca00000, 0x000000070ca00000| Untracked 
|  89|0x000000070cc00000, 0x000000070cc00000, 0x000000070ce00000|  0%| F|  |TAMS 0x000000070cc00000, 0x000000070cc00000| Untracked 
|  90|0x000000070ce00000, 0x000000070ce00000, 0x000000070d000000|  0%| F|  |TAMS 0x000000070ce00000, 0x000000070ce00000| Untracked 
|  91|0x000000070d000000, 0x000000070d000000, 0x000000070d200000|  0%| F|  |TAMS 0x000000070d000000, 0x000000070d000000| Untracked 
|  92|0x000000070d200000, 0x000000070d200000, 0x000000070d400000|  0%| F|  |TAMS 0x000000070d200000, 0x000000070d200000| Untracked 
|  93|0x000000070d400000, 0x000000070d400000, 0x000000070d600000|  0%| F|  |TAMS 0x000000070d400000, 0x000000070d400000| Untracked 
|  94|0x000000070d600000, 0x000000070d600000, 0x000000070d800000|  0%| F|  |TAMS 0x000000070d600000, 0x000000070d600000| Untracked 
|  95|0x000000070d800000, 0x000000070d800000, 0x000000070da00000|  0%| F|  |TAMS 0x000000070d800000, 0x000000070d800000| Untracked 
|  96|0x000000070da00000, 0x000000070da00000, 0x000000070dc00000|  0%| F|  |TAMS 0x000000070da00000, 0x000000070da00000| Untracked 
|  97|0x000000070dc00000, 0x000000070dd00800, 0x000000070de00000| 50%| E|  |TAMS 0x000000070dc00000, 0x000000070dc00000| Complete 
|  98|0x000000070de00000, 0x000000070e000000, 0x000000070e000000|100%| E|CS|TAMS 0x000000070de00000, 0x000000070de00000| Complete 
|  99|0x000000070e000000, 0x000000070e200000, 0x000000070e200000|100%| E|CS|TAMS 0x000000070e000000, 0x000000070e000000| Complete 
| 100|0x000000070e200000, 0x000000070e400000, 0x000000070e400000|100%| E|CS|TAMS 0x000000070e200000, 0x000000070e200000| Complete 
| 101|0x000000070e400000, 0x000000070e600000, 0x000000070e600000|100%| E|CS|TAMS 0x000000070e400000, 0x000000070e400000| Complete 
| 102|0x000000070e600000, 0x000000070e800000, 0x000000070e800000|100%| E|CS|TAMS 0x000000070e600000, 0x000000070e600000| Complete 
| 103|0x000000070e800000, 0x000000070ea00000, 0x000000070ea00000|100%| E|CS|TAMS 0x000000070e800000, 0x000000070e800000| Complete 
| 104|0x000000070ea00000, 0x000000070ec00000, 0x000000070ec00000|100%| E|CS|TAMS 0x000000070ea00000, 0x000000070ea00000| Complete 
| 105|0x000000070ec00000, 0x000000070ee00000, 0x000000070ee00000|100%| E|CS|TAMS 0x000000070ec00000, 0x000000070ec00000| Complete 
| 106|0x000000070ee00000, 0x000000070f000000, 0x000000070f000000|100%| E|CS|TAMS 0x000000070ee00000, 0x000000070ee00000| Complete 
| 107|0x000000070f000000, 0x000000070f200000, 0x000000070f200000|100%| E|CS|TAMS 0x000000070f000000, 0x000000070f000000| Complete 
| 108|0x000000070f200000, 0x000000070f400000, 0x000000070f400000|100%| E|CS|TAMS 0x000000070f200000, 0x000000070f200000| Complete 
| 109|0x000000070f400000, 0x000000070f600000, 0x000000070f600000|100%| E|CS|TAMS 0x000000070f400000, 0x000000070f400000| Complete 
| 110|0x000000070f600000, 0x000000070f7aef20, 0x000000070f800000| 84%| S|CS|TAMS 0x000000070f600000, 0x000000070f600000| Complete 
| 111|0x000000070f800000, 0x000000070fa00000, 0x000000070fa00000|100%| E|CS|TAMS 0x000000070f800000, 0x000000070f800000| Complete 
| 112|0x000000070fa00000, 0x000000070fc00000, 0x000000070fc00000|100%| E|CS|TAMS 0x000000070fa00000, 0x000000070fa00000| Complete 
| 113|0x000000070fc00000, 0x000000070fe00000, 0x000000070fe00000|100%| E|CS|TAMS 0x000000070fc00000, 0x000000070fc00000| Complete 
| 114|0x000000070fe00000, 0x0000000710000000, 0x0000000710000000|100%| E|CS|TAMS 0x000000070fe00000, 0x000000070fe00000| Complete 
| 115|0x0000000710000000, 0x0000000710200000, 0x0000000710200000|100%| E|CS|TAMS 0x0000000710000000, 0x0000000710000000| Complete 
| 116|0x0000000710200000, 0x0000000710400000, 0x0000000710400000|100%| E|CS|TAMS 0x0000000710200000, 0x0000000710200000| Complete 
| 117|0x0000000710400000, 0x0000000710600000, 0x0000000710600000|100%| E|CS|TAMS 0x0000000710400000, 0x0000000710400000| Complete 
| 118|0x0000000710600000, 0x0000000710800000, 0x0000000710800000|100%| E|CS|TAMS 0x0000000710600000, 0x0000000710600000| Complete 
| 119|0x0000000710800000, 0x0000000710a00000, 0x0000000710a00000|100%| E|CS|TAMS 0x0000000710800000, 0x0000000710800000| Complete 
| 120|0x0000000710a00000, 0x0000000710c00000, 0x0000000710c00000|100%| E|CS|TAMS 0x0000000710a00000, 0x0000000710a00000| Complete 
| 121|0x0000000710c00000, 0x0000000710e00000, 0x0000000710e00000|100%| E|CS|TAMS 0x0000000710c00000, 0x0000000710c00000| Complete 
| 122|0x0000000710e00000, 0x0000000711000000, 0x0000000711000000|100%| E|CS|TAMS 0x0000000710e00000, 0x0000000710e00000| Complete 
| 123|0x0000000711000000, 0x0000000711200000, 0x0000000711200000|100%| E|CS|TAMS 0x0000000711000000, 0x0000000711000000| Complete 
| 124|0x0000000711200000, 0x0000000711400000, 0x0000000711400000|100%| E|CS|TAMS 0x0000000711200000, 0x0000000711200000| Complete 
| 125|0x0000000711400000, 0x0000000711600000, 0x0000000711600000|100%| E|CS|TAMS 0x0000000711400000, 0x0000000711400000| Complete 
| 126|0x0000000711600000, 0x0000000711800000, 0x0000000711800000|100%| E|CS|TAMS 0x0000000711600000, 0x0000000711600000| Complete 
| 127|0x0000000711800000, 0x0000000711a00000, 0x0000000711a00000|100%| E|CS|TAMS 0x0000000711800000, 0x0000000711800000| Complete 

Card table byte_map: [0x00000187e9980000,0x00000187ea180000] _byte_map_base: 0x00000187e6173000

Marking Bits (Prev, Next): (CMBitMap*) 0x00000187d2746440, (CMBitMap*) 0x00000187d2746480
 Prev Bits: [0x00000187ea980000, 0x00000187ee918000)
 Next Bits: [0x00000187ee920000, 0x00000187f28b8000)

Polling page: 0x00000187d0600000

Metaspace:

Usage:
  Non-class:     11.71 MB used.
      Class:      1.46 MB used.
       Both:     13.17 MB used.

Virtual space:
  Non-class space:       16.00 MB reserved,      11.81 MB ( 74%) committed,  2 nodes.
      Class space:        1.00 GB reserved,       1.56 MB ( <1%) committed,  1 nodes.
              Both:        1.02 GB reserved,      13.38 MB (  1%) committed. 

Chunk freelists:
   Non-Class:  3.59 MB
       Class:  2.39 MB
        Both:  5.98 MB

MaxMetaspaceSize: 17179869184.00 GB
CompressedClassSpaceSize: 1.00 GB
 - commit_granule_bytes: 65536.
 - commit_granule_words: 8192.
 - virtual_space_node_default_size: 1048576.
 - enlarge_chunks_in_place: 1.
 - new_chunks_are_fully_committed: 0.
 - uncommit_free_chunks: 1.
 - use_allocation_guard: 0.
 - handle_deallocations: 1.


Internal statistics:

num_allocs_failed_limit: 0.
num_arena_births: 72.
num_arena_deaths: 0.
num_vsnodes_births: 3.
num_vsnodes_deaths: 0.
num_space_committed: 214.
num_space_uncommitted: 0.
num_chunks_returned_to_freelist: 0.
num_chunks_taken_from_freelist: 498.
num_chunk_merges: 0.
num_chunk_splits: 360.
num_chunks_enlarged: 288.
num_purges: 0.

CodeHeap 'non-profiled nmethods': size=120000Kb used=1435Kb max_used=1435Kb free=118564Kb
 bounds [0x00000187e1920000, 0x00000187e1b90000, 0x00000187e8e50000]
CodeHeap 'profiled nmethods': size=120000Kb used=5907Kb max_used=5907Kb free=114092Kb
 bounds [0x00000187da3f0000, 0x00000187da9c0000, 0x00000187e1920000]
CodeHeap 'non-nmethods': size=5760Kb used=1203Kb max_used=1265Kb free=4556Kb
 bounds [0x00000187d9e50000, 0x00000187da0c0000, 0x00000187da3f0000]
 total_blobs=3504 nmethods=3010 adapters=406
 compilation: enabled
              stopped_count=0, restarted_count=0
 full_count=0

Compilation events (20 events):
Event: 3.523 Thread 0x00000187f5d0b890 nmethod 3005 0x00000187da9b0310 code [0x00000187da9b04c0, 0x00000187da9b06e8]
Event: 3.526 Thread 0x00000187f5d0b890 3007   !   3       java.io.BufferedWriter::flushBuffer (53 bytes)
Event: 3.527 Thread 0x00000187f5d0b890 nmethod 3007 0x00000187da9b0810 code [0x00000187da9b0a00, 0x00000187da9b0f18]
Event: 3.527 Thread 0x00000187f5d0b890 3006       3       java.io.BufferedWriter::newLine (8 bytes)
Event: 3.527 Thread 0x00000187f5d0b890 nmethod 3006 0x00000187da9b1190 code [0x00000187da9b1360, 0x00000187da9b1708]
Event: 3.529 Thread 0x00000187f5d0b890 3009       1       org.apache.maven.model.Parent::setVersion (6 bytes)
Event: 3.530 Thread 0x00000187f5d0b890 nmethod 3009 0x00000187e1a7a510 code [0x00000187e1a7a6a0, 0x00000187e1a7a7b8]
Event: 3.530 Thread 0x00000187f5d0b890 3010   !   3       java.util.regex.Pattern::RemoveQEQuoting (370 bytes)
Event: 3.532 Thread 0x00000187f5d0b890 nmethod 3010 0x00000187da9b1890 code [0x00000187da9b1b60, 0x00000187da9b2d48]
Event: 3.532 Thread 0x00000187f5d0b890 3011       3       java.io.File::hashCode (8 bytes)
Event: 3.533 Thread 0x00000187f5d0b890 nmethod 3011 0x00000187da9b3410 code [0x00000187da9b3600, 0x00000187da9b3a08]
Event: 3.533 Thread 0x00000187f5d0b890 3015       1       org.apache.maven.model.ReportPlugin::setVersion (6 bytes)
Event: 3.533 Thread 0x00000187f5d0b890 nmethod 3015 0x00000187e1a7a810 code [0x00000187e1a7a9a0, 0x00000187e1a7aab8]
Event: 3.533 Thread 0x00000187f5d0b890 3013   !   3       java.util.Locale::getDefault (132 bytes)
Event: 3.534 Thread 0x00000187f5d0b890 nmethod 3013 0x00000187da9b3b90 code [0x00000187da9b3da0, 0x00000187da9b44b8]
Event: 3.534 Thread 0x00000187f5d0b890 3012       3       java.io.WinNTFileSystem::hashCode (18 bytes)
Event: 3.535 Thread 0x00000187f5d0b890 nmethod 3012 0x00000187da9b4710 code [0x00000187da9b4900, 0x00000187da9b4c88]
Event: 3.535 Thread 0x00000187f5d0b890 3016       1       org.eclipse.aether.DefaultRepositorySystemSession::getCache (5 bytes)
Event: 3.535 Thread 0x00000187f5d0b890 nmethod 3016 0x00000187e1a7ab10 code [0x00000187e1a7aca0, 0x00000187e1a7ad78]
Event: 3.537 Thread 0x00000187f5d0b890 3017       3       org.codehaus.plexus.util.xml.Xpp3Dom::mergeIntoXpp3Dom (490 bytes)

GC Heap History (4 events):
Event: 0.958 GC heap before
{Heap before GC invocations=0 (full 0):
 garbage-first heap   total 262144K, used 22528K [0x0000000701a00000, 0x0000000800000000)
  region size 2048K, 11 young (22528K), 0 survivors (0K)
 Metaspace       used 5266K, committed 5440K, reserved 1056768K
  class space    used 587K, committed 640K, reserved 1048576K
}
Event: 0.970 GC heap after
{Heap after GC invocations=1 (full 0):
 garbage-first heap   total 262144K, used 3687K [0x0000000701a00000, 0x0000000800000000)
  region size 2048K, 2 young (4096K), 2 survivors (4096K)
 Metaspace       used 5266K, committed 5440K, reserved 1056768K
  class space    used 587K, committed 640K, reserved 1048576K
}
Event: 1.785 GC heap before
{Heap before GC invocations=1 (full 0):
 garbage-first heap   total 262144K, used 34407K [0x0000000701a00000, 0x0000000800000000)
  region size 2048K, 17 young (34816K), 2 survivors (4096K)
 Metaspace       used 8910K, committed 9088K, reserved 1064960K
  class space    used 1031K, committed 1152K, reserved 1048576K
}
Event: 1.791 GC heap after
{Heap after GC invocations=2 (full 0):
 garbage-first heap   total 262144K, used 5282K [0x0000000701a00000, 0x0000000800000000)
  region size 2048K, 1 young (2048K), 1 survivors (2048K)
 Metaspace       used 8910K, committed 9088K, reserved 1064960K
  class space    used 1031K, committed 1152K, reserved 1048576K
}

Deoptimization events (20 events):
Event: 3.386 Thread 0x00000187d26f29c0 Uncommon trap: trap_request=0xffffff45 fr.pc=0x00000187e1a40dd0 relative=0x0000000000000f90
Event: 3.386 Thread 0x00000187d26f29c0 Uncommon trap: reason=unstable_if action=reinterpret pc=0x00000187e1a40dd0 method=org.codehaus.plexus.util.xml.pull.MXParser.nextImpl()I @ 972 c2
Event: 3.386 Thread 0x00000187d26f29c0 DEOPT PACKING pc=0x00000187e1a40dd0 sp=0x000000755defcfc0
Event: 3.386 Thread 0x00000187d26f29c0 DEOPT UNPACKING pc=0x00000187d9e9d72e sp=0x000000755defcf40 mode 2
Event: 3.522 Thread 0x00000187d26f29c0 Uncommon trap: trap_request=0xffffffbe fr.pc=0x00000187e1a796a4 relative=0x0000000000000cc4
Event: 3.522 Thread 0x00000187d26f29c0 Uncommon trap: reason=profile_predicate action=maybe_recompile pc=0x00000187e1a796a4 method=java.util.regex.Pattern$CharPropertyGreedy.match(Ljava/util/regex/Matcher;ILjava/lang/CharSequence;)Z @ 15 c2
Event: 3.522 Thread 0x00000187d26f29c0 DEOPT PACKING pc=0x00000187e1a796a4 sp=0x000000755defccd0
Event: 3.522 Thread 0x00000187d26f29c0 DEOPT UNPACKING pc=0x00000187d9e9d72e sp=0x000000755defcc60 mode 2
Event: 3.523 Thread 0x00000187d26f29c0 Uncommon trap: trap_request=0xffffffbe fr.pc=0x00000187e1a796a4 relative=0x0000000000000cc4
Event: 3.523 Thread 0x00000187d26f29c0 Uncommon trap: reason=profile_predicate action=maybe_recompile pc=0x00000187e1a796a4 method=java.util.regex.Pattern$CharPropertyGreedy.match(Ljava/util/regex/Matcher;ILjava/lang/CharSequence;)Z @ 15 c2
Event: 3.523 Thread 0x00000187d26f29c0 DEOPT PACKING pc=0x00000187e1a796a4 sp=0x000000755defc990
Event: 3.523 Thread 0x00000187d26f29c0 DEOPT UNPACKING pc=0x00000187d9e9d72e sp=0x000000755defc920 mode 2
Event: 3.524 Thread 0x00000187d26f29c0 Uncommon trap: trap_request=0xffffffbe fr.pc=0x00000187e1a796a4 relative=0x0000000000000cc4
Event: 3.524 Thread 0x00000187d26f29c0 Uncommon trap: reason=profile_predicate action=maybe_recompile pc=0x00000187e1a796a4 method=java.util.regex.Pattern$CharPropertyGreedy.match(Ljava/util/regex/Matcher;ILjava/lang/CharSequence;)Z @ 15 c2
Event: 3.524 Thread 0x00000187d26f29c0 DEOPT PACKING pc=0x00000187e1a796a4 sp=0x000000755defca30
Event: 3.524 Thread 0x00000187d26f29c0 DEOPT UNPACKING pc=0x00000187d9e9d72e sp=0x000000755defc9c0 mode 2
Event: 3.526 Thread 0x00000187d26f29c0 Uncommon trap: trap_request=0xffffffbe fr.pc=0x00000187e1a796a4 relative=0x0000000000000cc4
Event: 3.526 Thread 0x00000187d26f29c0 Uncommon trap: reason=profile_predicate action=maybe_recompile pc=0x00000187e1a796a4 method=java.util.regex.Pattern$CharPropertyGreedy.match(Ljava/util/regex/Matcher;ILjava/lang/CharSequence;)Z @ 15 c2
Event: 3.526 Thread 0x00000187d26f29c0 DEOPT PACKING pc=0x00000187e1a796a4 sp=0x000000755defc5a0
Event: 3.526 Thread 0x00000187d26f29c0 DEOPT UNPACKING pc=0x00000187d9e9d72e sp=0x000000755defc530 mode 2

Classes unloaded (0 events):
No events

Classes redefined (0 events):
No events

Internal exceptions (19 events):
Event: 0.142 Thread 0x00000187f5f14cc0 Exception <a 'java/lang/NoSuchMethodError'{0x000000071167a2d8}: 'java.lang.Object java.lang.invoke.DirectMethodHandle$Holder.invokeStatic(java.lang.Object)'> (0x000000071167a2d8) 
thrown [t:\workspace\open\src\hotspot\share\interpreter\linkResolver.cpp, line 790]
Event: 0.143 Thread 0x00000187f5f14cc0 Exception <a 'java/lang/NoSuchMethodError'{0x000000071167dbe8}: 'java.lang.Object java.lang.invoke.DirectMethodHandle$Holder.invokeStaticInit(java.lang.Object)'> (0x000000071167dbe8) 
thrown [t:\workspace\open\src\hotspot\share\interpreter\linkResolver.cpp, line 790]
Event: 0.151 Thread 0x00000187f5f14cc0 Exception <a 'java/lang/NoSuchMethodError'{0x000000071168b8e0}: 'void java.lang.invoke.DirectMethodHandle$Holder.invokeStatic(java.lang.Object, java.lang.Object)'> (0x000000071168b8e0) 
thrown [t:\workspace\open\src\hotspot\share\interpreter\linkResolver.cpp, line 790]
Event: 0.248 Thread 0x00000187d26f29c0 Exception <a 'java/lang/NullPointerException'{0x0000000711574e60}> (0x0000000711574e60) 
thrown [t:\workspace\open\src\hotspot\share\interpreter\linkResolver.cpp, line 1385]
Event: 0.297 Thread 0x00000187d26f29c0 Exception <a 'java/lang/NullPointerException'{0x0000000711225ce0}> (0x0000000711225ce0) 
thrown [t:\workspace\open\src\hotspot\share\interpreter\linkResolver.cpp, line 1385]
Event: 0.297 Thread 0x00000187d26f29c0 Exception <a 'java/lang/NullPointerException'{0x0000000711225fb8}> (0x0000000711225fb8) 
thrown [t:\workspace\open\src\hotspot\share\interpreter\linkResolver.cpp, line 1385]
Event: 0.297 Thread 0x00000187d26f29c0 Exception <a 'java/lang/NullPointerException'{0x0000000711226290}> (0x0000000711226290) 
thrown [t:\workspace\open\src\hotspot\share\interpreter\linkResolver.cpp, line 1385]
Event: 0.300 Thread 0x00000187d26f29c0 Exception <a 'java/lang/NullPointerException'{0x000000071122cdb0}> (0x000000071122cdb0) 
thrown [t:\workspace\open\src\hotspot\share\interpreter\linkResolver.cpp, line 1385]
Event: 0.303 Thread 0x00000187d26f29c0 Exception <a 'java/lang/NullPointerException'{0x00000007112438b8}> (0x00000007112438b8) 
thrown [t:\workspace\open\src\hotspot\share\interpreter\linkResolver.cpp, line 1385]
Event: 0.303 Thread 0x00000187d26f29c0 Exception <a 'java/lang/NullPointerException'{0x0000000711243b90}> (0x0000000711243b90) 
thrown [t:\workspace\open\src\hotspot\share\interpreter\linkResolver.cpp, line 1385]
Event: 0.303 Thread 0x00000187d26f29c0 Exception <a 'java/lang/NullPointerException'{0x0000000711243e68}> (0x0000000711243e68) 
thrown [t:\workspace\open\src\hotspot\share\interpreter\linkResolver.cpp, line 1385]
Event: 0.303 Thread 0x00000187d26f29c0 Exception <a 'java/lang/NullPointerException'{0x0000000711244140}> (0x0000000711244140) 
thrown [t:\workspace\open\src\hotspot\share\interpreter\linkResolver.cpp, line 1385]
Event: 0.589 Thread 0x00000187d26f29c0 Exception <a 'java/lang/NoSuchMethodError'{0x0000000710fdb998}: 'void java.lang.invoke.DirectMethodHandle$Holder.invokeSpecial(java.lang.Object, java.lang.Object, java.lang.Object)'> (0x0000000710fdb998) 
thrown [t:\workspace\open\src\hotspot\share\interpreter\linkResolver.cpp, line 790]
Event: 0.786 Thread 0x00000187d26f29c0 Exception <a 'java/lang/NoSuchMethodError'{0x0000000710945230}: 'java.lang.Object java.lang.invoke.DirectMethodHandle$Holder.newInvokeSpecial(java.lang.Object, java.lang.Object, java.lang.Object, java.lang.Object, java.lang.Object)'> (0x0000000710945230) 
thrown [t:\workspace\open\src\hotspot\share\interpreter\linkResolver.cpp, line 790]
Event: 2.101 Thread 0x00000187d26f29c0 Exception <a 'java/lang/NoClassDefFoundError'{0x00000007111c1228}: com/google/inject/servlet/ServletModuleTargetVisitor> (0x00000007111c1228) 
thrown [t:\workspace\open\src\hotspot\share\classfile\systemDictionary.cpp, line 245]
Event: 2.101 Thread 0x00000187d26f29c0 Exception <a 'java/lang/NoClassDefFoundError'{0x00000007111c2f10}: javax/annotation/Priority> (0x00000007111c2f10) 
thrown [t:\workspace\open\src\hotspot\share\classfile\systemDictionary.cpp, line 245]
Event: 2.314 Thread 0x00000187d26f29c0 Exception <a 'java/lang/NoSuchMethodError'{0x0000000710c27470}: 'java.lang.Object java.lang.invoke.DirectMethodHandle$Holder.invokeStaticInit(java.lang.Object, int, int, int, int)'> (0x0000000710c27470) 
thrown [t:\workspace\open\src\hotspot\share\interpreter\linkResolver.cpp, line 790]
Event: 2.649 Thread 0x00000187d26f29c0 Implicit null exception at 0x00000187e194f3f2 to 0x00000187e194f9ac
Event: 2.649 Thread 0x00000187d26f29c0 Implicit null exception at 0x00000187e195d672 to 0x00000187e195dc4c

Events (20 events):
Event: 2.984 Executing  VM operation: ICBufferFull
Event: 2.984 Executing  VM operation: ICBufferFull done
Event: 3.008 Executing  VM operation: ICBufferFull
Event: 3.008 Executing  VM operation: ICBufferFull done
Event: 3.172 loading class java/util/LinkedList$ListItr
Event: 3.172 loading class java/util/LinkedList$ListItr done
Event: 3.224 Executing  VM operation: ICBufferFull
Event: 3.224 Executing  VM operation: ICBufferFull done
Event: 3.276 Executing  VM operation: ICBufferFull
Event: 3.276 Executing  VM operation: ICBufferFull done
Event: 3.331 Executing  VM operation: ICBufferFull
Event: 3.331 Executing  VM operation: ICBufferFull done
Event: 3.428 Executing  VM operation: ICBufferFull
Event: 3.428 Executing  VM operation: ICBufferFull done
Event: 3.468 Executing  VM operation: ICBufferFull
Event: 3.468 Executing  VM operation: ICBufferFull done
Event: 3.492 Executing  VM operation: ICBufferFull
Event: 3.492 Executing  VM operation: ICBufferFull done
Event: 3.528 Executing  VM operation: ICBufferFull
Event: 3.528 Executing  VM operation: ICBufferFull done


Dynamic libraries:
0x00007ff7f2ff0000 - 0x00007ff7f2ffe000 	C:\Program Files\Java\jdk-16.0.2\bin\java.exe
0x00007ffb09020000 - 0x00007ffb09210000 	C:\WINDOWS\SYSTEM32\ntdll.dll
0x00007ffb08560000 - 0x00007ffb08612000 	C:\WINDOWS\System32\KERNEL32.DLL
0x00007ffb06d00000 - 0x00007ffb06fa5000 	C:\WINDOWS\System32\KERNELBASE.dll
0x00007ffb06fb0000 - 0x00007ffb070aa000 	C:\WINDOWS\System32\ucrtbase.dll
0x00007ffb043c0000 - 0x00007ffb043d9000 	C:\Program Files\Java\jdk-16.0.2\bin\VCRUNTIME140.dll
0x00007ffb043e0000 - 0x00007ffb043f8000 	C:\Program Files\Java\jdk-16.0.2\bin\jli.dll
0x00007ffb07580000 - 0x00007ffb07714000 	C:\WINDOWS\System32\USER32.dll
0x00007ffb06810000 - 0x00007ffb06831000 	C:\WINDOWS\System32\win32u.dll
0x00007ffaeeff0000 - 0x00007ffaef274000 	C:\WINDOWS\WinSxS\amd64_microsoft.windows.common-controls_6595b64144ccf1df_6.0.18362.1256_none_9e7e379be45e40e2\COMCTL32.dll
0x00007ffb07b30000 - 0x00007ffb07b56000 	C:\WINDOWS\System32\GDI32.dll
0x00007ffb068f0000 - 0x00007ffb06a86000 	C:\WINDOWS\System32\gdi32full.dll
0x00007ffb06770000 - 0x00007ffb0680e000 	C:\WINDOWS\System32\msvcp_win.dll
0x00007ffb07a60000 - 0x00007ffb07afe000 	C:\WINDOWS\System32\msvcrt.dll
0x00007ffb08bf0000 - 0x00007ffb08f26000 	C:\WINDOWS\System32\combase.dll
0x00007ffb07890000 - 0x00007ffb079b0000 	C:\WINDOWS\System32\RPCRT4.dll
0x00007ffb06a90000 - 0x00007ffb06b11000 	C:\WINDOWS\System32\bcryptPrimitives.dll
0x00007ffb08af0000 - 0x00007ffb08b1e000 	C:\WINDOWS\System32\IMM32.DLL
0x00007ffb01f00000 - 0x00007ffb01f0c000 	C:\Program Files\Java\jdk-16.0.2\bin\vcruntime140_1.dll
0x00007ffafe330000 - 0x00007ffafe3c1000 	C:\Program Files\Java\jdk-16.0.2\bin\msvcp140.dll
0x00007ffaa8470000 - 0x00007ffaa901b000 	C:\Program Files\Java\jdk-16.0.2\bin\server\jvm.dll
0x00007ffb079b0000 - 0x00007ffb07a53000 	C:\WINDOWS\System32\ADVAPI32.dll
0x00007ffb08460000 - 0x00007ffb084f7000 	C:\WINDOWS\System32\sechost.dll
0x00007ffb07880000 - 0x00007ffb07888000 	C:\WINDOWS\System32\PSAPI.DLL
0x00007ffafa0e0000 - 0x00007ffafa104000 	C:\WINDOWS\SYSTEM32\WINMM.dll
0x00007ffb03c50000 - 0x00007ffb03c59000 	C:\WINDOWS\SYSTEM32\WSOCK32.dll
0x00007ffb082d0000 - 0x00007ffb0833f000 	C:\WINDOWS\System32\WS2_32.dll
0x00007ffb04fb0000 - 0x00007ffb04fba000 	C:\WINDOWS\SYSTEM32\VERSION.dll
0x00007ffafa0b0000 - 0x00007ffafa0dd000 	C:\WINDOWS\SYSTEM32\winmmbase.dll
0x00007ffb06720000 - 0x00007ffb0676a000 	C:\WINDOWS\System32\cfgmgr32.dll
0x00007ffb05f00000 - 0x00007ffb05f11000 	C:\WINDOWS\System32\kernel.appcore.dll
0x00007ffb01ef0000 - 0x00007ffb01efa000 	C:\Program Files\Java\jdk-16.0.2\bin\jimage.dll
0x00007ffb045f0000 - 0x00007ffb047e4000 	C:\WINDOWS\SYSTEM32\DBGHELP.DLL
0x00007ffb039c0000 - 0x00007ffb039ea000 	C:\WINDOWS\SYSTEM32\dbgcore.DLL
0x00007ffaf71b0000 - 0x00007ffaf71be000 	C:\Program Files\Java\jdk-16.0.2\bin\instrument.dll
0x00007ffb01ec0000 - 0x00007ffb01ee5000 	C:\Program Files\Java\jdk-16.0.2\bin\java.dll
0x00007ffb07be0000 - 0x00007ffb082c7000 	C:\WINDOWS\System32\SHELL32.dll
0x00007ffb083b0000 - 0x00007ffb08459000 	C:\WINDOWS\System32\shcore.dll
0x00007ffb05f90000 - 0x00007ffb06711000 	C:\WINDOWS\System32\windows.storage.dll
0x00007ffb05ed0000 - 0x00007ffb05ef3000 	C:\WINDOWS\System32\profapi.dll
0x00007ffb05f40000 - 0x00007ffb05f8a000 	C:\WINDOWS\System32\powrprof.dll
0x00007ffb05ec0000 - 0x00007ffb05ed0000 	C:\WINDOWS\System32\UMPDC.dll
0x00007ffb08a90000 - 0x00007ffb08ae2000 	C:\WINDOWS\System32\shlwapi.dll
0x00007ffb070b0000 - 0x00007ffb070c7000 	C:\WINDOWS\System32\cryptsp.dll
0x00007ffaff580000 - 0x00007ffaff598000 	C:\Program Files\Java\jdk-16.0.2\bin\zip.dll
0x00007ffb00000000 - 0x00007ffb00019000 	C:\Program Files\Java\jdk-16.0.2\bin\net.dll
0x00007ffaf77f0000 - 0x00007ffaf78e0000 	C:\WINDOWS\SYSTEM32\WINHTTP.dll
0x00007ffb05710000 - 0x00007ffb05777000 	C:\WINDOWS\system32\mswsock.dll
0x00007ffaff820000 - 0x00007ffaff833000 	C:\Program Files\Java\jdk-16.0.2\bin\nio.dll
0x00007ffaf06e0000 - 0x00007ffaf06fa000 	C:\Program Files\JetBrains\IntelliJ IDEA Community Edition 2021.2.1\bin\breakgen64.dll
0x0000000069ac0000 - 0x0000000069ae4000 	C:\Users\britsg\AppData\Local\Temp\jansi-2.3.4-603449aac5db2bcb-jansi.dll
0x00007ffaffd40000 - 0x00007ffaffd50000 	C:\Program Files\Java\jdk-16.0.2\bin\verify.dll

dbghelp: loaded successfully - version: 4.0.5 - missing functions: none
symbol engine: initialized successfully - sym options: 0x614 - pdb path: .;C:\Program Files\Java\jdk-16.0.2\bin;C:\WINDOWS\SYSTEM32;C:\WINDOWS\WinSxS\amd64_microsoft.windows.common-controls_6595b64144ccf1df_6.0.18362.1256_none_9e7e379be45e40e2;C:\Program Files\Java\jdk-16.0.2\bin\server;C:\Program Files\JetBrains\IntelliJ IDEA Community Edition 2021.2.1\bin;C:\Users\britsg\AppData\Local\Temp

VM Arguments:
jvm_args: -Dmaven.multiModuleProjectDirectory=C:\Users\britsg\Documents\NWU\2021\Second Semester\CMPG323\Project 1 New\AccountSystem -Dmaven.home=C:\Users\britsg\Documents\NWU\2021\Second Semester\CMPG323\Project 1\apache-maven-3.8.2-bin\apache-maven-3.8.2 -Dclassworlds.conf=C:\Users\britsg\Documents\NWU\2021\Second Semester\CMPG323\Project 1\apache-maven-3.8.2-bin\apache-maven-3.8.2\bin\m2.conf -Dmaven.ext.class.path=C:\Program Files\JetBrains\IntelliJ IDEA Community Edition 2021.2.1\plugins\maven\lib\maven-event-listener.jar -javaagent:C:\Program Files\JetBrains\IntelliJ IDEA Community Edition 2021.2.1\lib\idea_rt.jar=59553:C:\Program Files\JetBrains\IntelliJ IDEA Community Edition 2021.2.1\bin -Dfile.encoding=UTF-8 
java_command: org.codehaus.classworlds.Launcher -Didea.version=2021.2.1 -s C:\Users\britsg\Documents\NWU\2021\Second Semester\CMPG323\Project 1\apache-maven-3.8.2-bin\apache-maven-3.8.2\conf\settings.xml clean install
java_class_path (initial): C:\Users\britsg\Documents\NWU\2021\Second Semester\CMPG323\Project 1\apache-maven-3.8.2-bin\apache-maven-3.8.2\boot\plexus-classworlds-2.6.0.jar;C:\Users\britsg\Documents\NWU\2021\Second Semester\CMPG323\Project 1\apache-maven-3.8.2-bin\apache-maven-3.8.2\boot\plexus-classworlds.license
Launcher Type: SUN_STANDARD

[Global flags]
     intx CICompilerCount                          = 4                                         {product} {ergonomic}
     uint ConcGCThreads                            = 2                                         {product} {ergonomic}
     uint G1ConcRefinementThreads                  = 8                                         {product} {ergonomic}
   size_t G1HeapRegionSize                         = 2097152                                   {product} {ergonomic}
    uintx GCDrainStackTargetSize                   = 64                                        {product} {ergonomic}
   size_t InitialHeapSize                          = 268435456                                 {product} {ergonomic}
   size_t MarkStackSize                            = 4194304                                   {product} {ergonomic}
   size_t MaxHeapSize                              = 4267704320                                {product} {ergonomic}
   size_t MaxNewSize                               = 2560622592                                {product} {ergonomic}
   size_t MinHeapDeltaBytes                        = 2097152                                   {product} {ergonomic}
   size_t MinHeapSize                              = 8388608                                   {product} {ergonomic}
    uintx NonNMethodCodeHeapSize                   = 5839372                                {pd product} {ergonomic}
    uintx NonProfiledCodeHeapSize                  = 122909434                              {pd product} {ergonomic}
    uintx ProfiledCodeHeapSize                     = 122909434                              {pd product} {ergonomic}
    uintx ReservedCodeCacheSize                    = 251658240                              {pd product} {ergonomic}
     bool SegmentedCodeCache                       = true                                      {product} {ergonomic}
   size_t SoftMaxHeapSize                          = 4267704320                             {manageable} {ergonomic}
     bool UseCompressedClassPointers               = true                           {product lp64_product} {ergonomic}
     bool UseCompressedOops                        = true                           {product lp64_product} {ergonomic}
     bool UseG1GC                                  = true                                      {product} {ergonomic}
     bool UseLargePagesIndividualAllocation        = false                                  {pd product} {ergonomic}

Logging:
Log output configuration:
 #0: stdout all=warning uptime,level,tags
 #1: stderr all=off uptime,level,tags

Environment Variables:
JAVA_HOME=C:\Users\britsg\Documents\NWU\2021\Second Semester\CMPG323\Project 1\openjdk-16.0.2_windows-x64_bin\jdk-16.0.2
PATH=C:\oraclexe\app\oracle\product\11.2.0\server\bin;C:\Program Files (x86)\Common Files\Oracle\Java\javapath;C:\Program Files\Java\jdk-11.0.1\bin\;C:\windows\system32;C:\windows;C:\windows\System32\Wbem;C:\windows\System32\WindowsPowerShell\v1.0\;C:\Program Files (x86)\NVIDIA Corporation\PhysX\Common;C:\WINDOWS\system32;C:\WINDOWS;C:\WINDOWS\System32\Wbem;C:\WINDOWS\System32\WindowsPowerShell\v1.0\;C:\WINDOWS\System32\OpenSSH\;C:\Program Files\Microsoft SQL Server\110\Tools\Binn\;c:\Program Files (x86)\Microsoft SQL Server\110\Tools\Binn\;c:\Program Files\Microsoft SQL Server\110\DTS\Binn\;C:\Program Files (x86)\Intel\Intel(R) Management Engine Components\DAL;C:\Program Files\Intel\Intel(R) Management Engine Components\DAL;C:\Program Files (x86)\Calibre2\;C:\Program Files\Intel\WiFi\bin\;C:\Program Files\Common Files\Intel\WirelessCommon\;C:\Program Files\dotnet\;C:\Program Files\Microsoft SQL Server\130\Tools\Binn\;C:\Program Files\Microsoft SQL Server\Client SDK\ODBC\170\Tools\Binn\;c:\Program Files (x86)\Microsoft SQL Server\110\Tools\Binn\ManagementStudio\;c:\Program Files (x86)\Microsoft SQL Server\110\DTS\Binn\;C:\Program Files (x86)\Microsoft SQL Server\140\Tools\Binn\;C:\Program Files\Microsoft SQL Server\140\Tools\Binn\;C:\Program Files (x86)\Microsoft SQL Server\140\DTS\Binn\;C:\Program Files\Microsoft SQL Server\140\DTS\Binn\;C:\Program Files\Microsoft SQL Server\Client SDK\ODBC\130\Tools\Binn\;C:\Program Files\Git\cmd;C:\Program Files\Java\jdk-11.0.1\bin;C:\Users\britsg\AppData\Local\Microsoft\WindowsApps;C:\Users\britsg\AppData\Local\Programs\Fiddler;C:\Users\britsg\AppData\Local\Microsoft\WindowsApps;C:\Program Files\JetBrains\IntelliJ IDEA Community Edition 2021.2.1\bin;;C:\Users\britsg\Documents\NWU\2021\Second Semester\CMPG323\Project 1\apache-maven-3.8.2-bin\apache-maven-3.8.2;C:\Users\britsg\Documents\NWU\2021\Second Semester\CMPG323\Project 1\apache-maven-3.8.2-bin\apache-maven-3.8.2\bin;C:\Users\britsg\AppData\Local\GitHubDesktop\bin
USERNAME=BritsG
OS=Windows_NT
PROCESSOR_IDENTIFIER=Intel64 Family 6 Model 142 Stepping 10, GenuineIntel



---------------  S Y S T E M  ---------------

OS:
 Windows 10 , 64 bit Build 18362 (10.0.18362.1110)
OS uptime: 0 days 11:44 hours

CPU: total 8 (initial active 8) (4 cores per cpu, 2 threads per core) family 6 model 142 stepping 10 microcode 0x9a, cx8, cmov, fxsr, ht, mmx, 3dnowpref, sse, sse2, sse3, ssse3, sse4.1, sse4.2, popcnt, lzcnt, tsc, tscinvbit, avx, avx2, aes, erms, clmul, bmi1, bmi2, adx, fma, vzeroupper, clflush, clflushopt

Memory: 4k page, system-wide physical 16275M (3618M free)
TotalPageFile size 16275M (AvailPageFile size 10M)
current process WorkingSet (physical memory assigned to process): 166M, peak: 166M
current process commit charge ("private bytes"): 409M, peak: 411M

vm_info: OpenJDK 64-Bit Server VM (16.0.2+7-67) for windows-amd64 JRE (16.0.2+7-67), built on Jun  8 2021 23:21:43 by "mach5one" with MS VC++ 16.7 (VS2019)

END.
