#
# There is insufficient memory for the Java Runtime Environment to continue.
# Native memory allocation (mmap) failed to map 268435456 bytes for G1 virtual space
# Possible reasons:
#   The system is out of physical RAM or swap space
#   The process is running with CompressedOops enabled, and the Java Heap may be blocking the growth of the native heap
# Possible solutions:
#   Reduce memory load on the system
#   Increase physical memory or swap space
#   Check if swap backing store is full
#   Decrease Java heap size (-Xmx/-Xms)
#   Decrease number of Java threads
#   Decrease Java thread stack sizes (-Xss)
#   Set larger code cache with -XX:ReservedCodeCacheSize=
#   JVM is running with Zero Based Compressed Oops mode in which the Java heap is
#     placed in the first 32GB address space. The Java Heap base address is the
#     maximum limit for the native heap growth. Please use -XX:HeapBaseMinAddress
#     to set the Java Heap base and to place the Java Heap above 32GB virtual address.
# This output file may be truncated or incomplete.
#
#  Out of Memory Error (os_windows.cpp:3466), pid=12636, tid=1424
#
# JRE version:  (16.0.2+7) (build )
# Java VM: OpenJDK 64-Bit Server VM (16.0.2+7-67, mixed mode, sharing, tiered, compressed oops, compressed class ptrs, g1 gc, windows-amd64)
# No core dump will be written. Minidumps are not enabled by default on client versions of Windows
#

---------------  S U M M A R Y ------------

Command Line: -javaagent:C:\Program Files\JetBrains\IntelliJ IDEA Community Edition 2021.2.1\lib\idea_rt.jar=55517:C:\Program Files\JetBrains\IntelliJ IDEA Community Edition 2021.2.1\bin -Dfile.encoding=UTF-8 za.ac.nwu.milesreward.web.sb.RestServiceApplication

Host: Intel(R) Core(TM) i7-8550U CPU @ 1.80GHz, 8 cores, 15G,  Windows 10 , 64 bit Build 18362 (10.0.18362.1110)
Time: Thu Oct  7 09:20:36 2021 South Africa Standard Time elapsed time: 0.010180 seconds (0d 0h 0m 0s)

---------------  T H R E A D  ---------------

Current thread (0x0000025aba3b93e0):  JavaThread "Unknown thread" [_thread_in_vm, id=1424, stack(0x000000bd78200000,0x000000bd78300000)]

Stack: [0x000000bd78200000,0x000000bd78300000]
Native frames: (J=compiled Java code, j=interpreted, Vv=VM code, C=native code)
V  [jvm.dll+0x6681ca]
V  [jvm.dll+0x7c9e69]
V  [jvm.dll+0x7cb61e]
V  [jvm.dll+0x7cbc73]
V  [jvm.dll+0x242c55]
V  [jvm.dll+0x664f89]
V  [jvm.dll+0x659b75]
V  [jvm.dll+0x2fbfbb]
V  [jvm.dll+0x3031b6]
V  [jvm.dll+0x35299e]
V  [jvm.dll+0x352bcf]
V  [jvm.dll+0x2d3028]
V  [jvm.dll+0x2d4264]
V  [jvm.dll+0x79c741]
V  [jvm.dll+0x360791]
V  [jvm.dll+0x77a3f0]
V  [jvm.dll+0x3e4e8f]
V  [jvm.dll+0x3e6961]
C  [jli.dll+0x52fb]
C  [ucrtbase.dll+0x210b2]
C  [KERNEL32.DLL+0x17c24]
C  [ntdll.dll+0x6d4d1]


---------------  P R O C E S S  ---------------

Threads class SMR info:
_java_thread_list=0x00007ffda2eacbb8, length=0, elements={
}

Java Threads: ( => current thread )

Other Threads:
  0x0000025aba40b1f0 GCTaskThread "GC Thread#0" [stack: 0x000000bd78300000,0x000000bd78400000] [id=9840]
  0x0000025aba41bf90 ConcurrentGCThread "G1 Main Marker" [stack: 0x000000bd78400000,0x000000bd78500000] [id=20628]
  0x0000025aba41d0b0 ConcurrentGCThread "G1 Conc#0" [stack: 0x000000bd78500000,0x000000bd78600000] [id=23012]

[error occurred during error reporting (printing all threads), id 0xc0000005, EXCEPTION_ACCESS_VIOLATION (0xc0000005) at pc=0x00007ffda2683ee7]

VM state: not at safepoint (not fully initialized)

VM Mutex/Monitor currently owned by a thread:  ([mutex/lock_event])
[0x0000025aba3b43f0] Heap_lock - owner thread: 0x0000025aba3b93e0

Heap address: 0x0000000701a00000, size: 4070 MB, Compressed Oops mode: Zero based, Oop shift amount: 3

CDS archive(s) mapped at: [0x0000000000000000-0x0000000000000000-0x0000000000000000), size 0, SharedBaseAddress: 0x0000000800000000, ArchiveRelocationMode: 0.
Narrow klass base: 0x0000000000000000, Narrow klass shift: 0, Narrow klass range: 0x0

GC Precious Log:
<Empty>

Heap:
 garbage-first heap   total 0K, used 0K [0x0000000701a00000, 0x0000000800000000)
  region size 2048K, 0 young (0K), 0 survivors (0K)

[error occurred during error reporting (printing heap information), id 0xc0000005, EXCEPTION_ACCESS_VIOLATION (0xc0000005) at pc=0x00007ffda2a61eed]

GC Heap History (0 events):
No events

Deoptimization events (0 events):
No events

Classes unloaded (0 events):
No events

Classes redefined (0 events):
No events

Internal exceptions (0 events):
No events

Events (1 events):
Event: 0.006 Loaded shared library C:\Program Files\Java\jdk-16.0.2\bin\java.dll


Dynamic libraries:
0x00007ff6cb530000 - 0x00007ff6cb53e000 	C:\Program Files\Java\jdk-16.0.2\bin\java.exe
0x00007ffe04d20000 - 0x00007ffe04f10000 	C:\WINDOWS\SYSTEM32\ntdll.dll
0x00007ffe03a90000 - 0x00007ffe03b42000 	C:\WINDOWS\System32\KERNEL32.DLL
0x00007ffe01dc0000 - 0x00007ffe02065000 	C:\WINDOWS\System32\KERNELBASE.dll
0x00007ffe01cc0000 - 0x00007ffe01dba000 	C:\WINDOWS\System32\ucrtbase.dll
0x00007ffe00040000 - 0x00007ffe00059000 	C:\Program Files\Java\jdk-16.0.2\bin\VCRUNTIME140.dll
0x00007ffe00180000 - 0x00007ffe00198000 	C:\Program Files\Java\jdk-16.0.2\bin\jli.dll
0x00007ffe03340000 - 0x00007ffe034d4000 	C:\WINDOWS\System32\USER32.dll
0x00007ffe01c90000 - 0x00007ffe01cb1000 	C:\WINDOWS\System32\win32u.dll
0x00007ffe03720000 - 0x00007ffe03746000 	C:\WINDOWS\System32\GDI32.dll
0x00007ffde9eb0000 - 0x00007ffdea134000 	C:\WINDOWS\WinSxS\amd64_microsoft.windows.common-controls_6595b64144ccf1df_6.0.18362.1256_none_9e7e379be45e40e2\COMCTL32.dll
0x00007ffe03680000 - 0x00007ffe0371e000 	C:\WINDOWS\System32\msvcrt.dll
0x00007ffe02940000 - 0x00007ffe02ad6000 	C:\WINDOWS\System32\gdi32full.dll
0x00007ffe02ae0000 - 0x00007ffe02b7e000 	C:\WINDOWS\System32\msvcp_win.dll
0x00007ffe03b50000 - 0x00007ffe03e86000 	C:\WINDOWS\System32\combase.dll
0x00007ffe037b0000 - 0x00007ffe038d0000 	C:\WINDOWS\System32\RPCRT4.dll
0x00007ffe028b0000 - 0x00007ffe02931000 	C:\WINDOWS\System32\bcryptPrimitives.dll
0x00007ffe02ea0000 - 0x00007ffe02ece000 	C:\WINDOWS\System32\IMM32.DLL
0x00007ffe00120000 - 0x00007ffe0012c000 	C:\Program Files\Java\jdk-16.0.2\bin\vcruntime140_1.dll
0x00007ffdeb490000 - 0x00007ffdeb521000 	C:\Program Files\Java\jdk-16.0.2\bin\msvcp140.dll
0x00007ffda23a0000 - 0x00007ffda2f4b000 	C:\Program Files\Java\jdk-16.0.2\bin\server\jvm.dll
0x00007ffe03eb0000 - 0x00007ffe03f53000 	C:\WINDOWS\System32\ADVAPI32.dll
0x00007ffe039f0000 - 0x00007ffe03a87000 	C:\WINDOWS\System32\sechost.dll
0x00007ffe03ea0000 - 0x00007ffe03ea8000 	C:\WINDOWS\System32\PSAPI.DLL
0x00007ffdf4a40000 - 0x00007ffdf4a64000 	C:\WINDOWS\SYSTEM32\WINMM.dll
0x00007ffdff950000 - 0x00007ffdff959000 	C:\WINDOWS\SYSTEM32\WSOCK32.dll
0x00007ffe00cb0000 - 0x00007ffe00cba000 	C:\WINDOWS\SYSTEM32\VERSION.dll
0x00007ffe04b80000 - 0x00007ffe04bef000 	C:\WINDOWS\System32\WS2_32.dll
0x00007ffdf4a10000 - 0x00007ffdf4a3d000 	C:\WINDOWS\SYSTEM32\winmmbase.dll
0x00007ffe02070000 - 0x00007ffe020ba000 	C:\WINDOWS\System32\cfgmgr32.dll
0x00007ffe01bd0000 - 0x00007ffe01be1000 	C:\WINDOWS\System32\kernel.appcore.dll
0x00007ffdfffd0000 - 0x00007ffdfffda000 	C:\Program Files\Java\jdk-16.0.2\bin\jimage.dll
0x00007ffe00360000 - 0x00007ffe00554000 	C:\WINDOWS\SYSTEM32\DBGHELP.DLL
0x00007ffdff6c0000 - 0x00007ffdff6ea000 	C:\WINDOWS\SYSTEM32\dbgcore.DLL
0x00007ffdffaa0000 - 0x00007ffdffaae000 	C:\Program Files\Java\jdk-16.0.2\bin\instrument.dll
0x00007ffdffab0000 - 0x00007ffdffad5000 	C:\Program Files\Java\jdk-16.0.2\bin\java.dll

dbghelp: loaded successfully - version: 4.0.5 - missing functions: none
symbol engine: initialized successfully - sym options: 0x614 - pdb path: .;C:\Program Files\Java\jdk-16.0.2\bin;C:\WINDOWS\SYSTEM32;C:\WINDOWS\WinSxS\amd64_microsoft.windows.common-controls_6595b64144ccf1df_6.0.18362.1256_none_9e7e379be45e40e2;C:\Program Files\Java\jdk-16.0.2\bin\server

VM Arguments:
jvm_args: -javaagent:C:\Program Files\JetBrains\IntelliJ IDEA Community Edition 2021.2.1\lib\idea_rt.jar=55517:C:\Program Files\JetBrains\IntelliJ IDEA Community Edition 2021.2.1\bin -Dfile.encoding=UTF-8 
java_command: za.ac.nwu.milesreward.web.sb.RestServiceApplication
java_class_path (initial): C:\Users\britsg\Documents\NWU\2021\Second Semester\CMPG323\Project 1 New\AccountSystem\AccountSystemWebSpringBoot\target\classes;C:\Users\britsg\Documents\NWU\2021\Second Semester\CMPG323\Project 1 New\AccountSystem\AccountSystemDomain\target\classes;C:\Users\britsg\Documents\NWU\2021\Second Semester\CMPG323\Project 1\apache-maven-3.8.2-bin\Repo\org\projectlombok\lombok\1.18.20\lombok-1.18.20.jar;C:\Users\britsg\Documents\NWU\2021\Second Semester\CMPG323\Project 1\apache-maven-3.8.2-bin\Repo\com\fasterxml\jackson\core\jackson-annotations\2.12.5\jackson-annotations-2.12.5.jar;C:\Users\britsg\Documents\NWU\2021\Second Semester\CMPG323\Project 1 New\AccountSystem\AccountSystemLogic\target\classes;C:\Users\britsg\Documents\NWU\2021\Second Semester\CMPG323\Project 1\apache-maven-3.8.2-bin\Repo\jakarta\transaction\jakarta.transaction-api\1.3.3\jakarta.transaction-api-1.3.3.jar;C:\Users\britsg\Documents\NWU\2021\Second Semester\CMPG323\Project 1 New\AccountSystem\AccountSystemTranslator\target\classes;C:\Users\britsg\Documents\NWU\2021\Second Semester\CMPG323\Project 1 New\AccountSystem\AccountSystemRepository\target\classes;C:\Users\britsg\Documents\NWU\2021\Second Semester\CMPG323\Project 1\apache-maven-3.8.2-bin\Repo\org\springframework\boot\spring-boot-starter-data-jpa\2.5.5\spring-boot-starter-data-jpa-2.5.5.jar;C:\Users\britsg\Documents\NWU\2021\Second Semester\CMPG323\Project 1\apache-maven-3.8.2-bin\Repo\org\springframework\boot\spring-boot-starter-aop\2.5.5\spring-boot-starter-aop-2.5.5.jar;C:\Users\britsg\Documents\NWU\2021\Second Semester\CMPG323\Project 1\apache-maven-3.8.2-bin\Repo\org\aspectj\aspectjweaver\1.9.7\aspectjweaver-1.9.7.jar;C:\Users\britsg\Documents\NWU\2021\Second Semester\CMPG323\Project 1\apache-maven-3.8.2-bin\Repo\org\springframework\boot\spring-boot-starter-jdbc\2.5.5\spring-boot-starter-jdbc-2.5.5.jar;C:\Users\britsg\Documents\NWU\2021\Second Semester\CMPG323\Project 1\apache-maven-3.8.2-bin\Repo\com\zaxxer\Hika
Launcher Type: SUN_STANDARD

[Global flags]
     intx CICompilerCount                          = 4                                         {product} {ergonomic}
     uint ConcGCThreads                            = 2                                         {product} {ergonomic}
     uint G1ConcRefinementThreads                  = 8                                         {product} {ergonomic}
   size_t G1HeapRegionSize                         = 2097152                                   {product} {ergonomic}
    uintx GCDrainStackTargetSize                   = 64                                        {product} {ergonomic}
   size_t InitialHeapSize                          = 268435456                                 {product} {ergonomic}
   size_t MarkStackSize                            = 4194304                                   {product} {ergonomic}
   size_t MaxHeapSize                              = 4267704320                                {product} {ergonomic}
   size_t MinHeapDeltaBytes                        = 2097152                                   {product} {ergonomic}
   size_t MinHeapSize                              = 8388608                                   {product} {ergonomic}
    uintx NonNMethodCodeHeapSize                   = 5839372                                {pd product} {ergonomic}
    uintx NonProfiledCodeHeapSize                  = 122909434                              {pd product} {ergonomic}
    uintx ProfiledCodeHeapSize                     = 122909434                              {pd product} {ergonomic}
    uintx ReservedCodeCacheSize                    = 251658240                              {pd product} {ergonomic}
     bool SegmentedCodeCache                       = true                                      {product} {ergonomic}
   size_t SoftMaxHeapSize                          = 4267704320                             {manageable} {ergonomic}
     bool UseCompressedClassPointers               = true                           {product lp64_product} {ergonomic}
     bool UseCompressedOops                        = true                           {product lp64_product} {ergonomic}
     bool UseG1GC                                  = true                                      {product} {ergonomic}
     bool UseLargePagesIndividualAllocation        = false                                  {pd product} {ergonomic}

Logging:
Log output configuration:
 #0: stdout all=warning uptime,level,tags
 #1: stderr all=off uptime,level,tags

Environment Variables:
JAVA_HOME=C:\Users\britsg\Documents\NWU\2021\Second Semester\CMPG323\Project 1\openjdk-16.0.2_windows-x64_bin\jdk-16.0.2
PATH=C:\oraclexe\app\oracle\product\11.2.0\server\bin;C:\Program Files (x86)\Common Files\Oracle\Java\javapath;C:\Program Files\Java\jdk-11.0.1\bin\;C:\windows\system32;C:\windows;C:\windows\System32\Wbem;C:\windows\System32\WindowsPowerShell\v1.0\;C:\Program Files (x86)\NVIDIA Corporation\PhysX\Common;C:\WINDOWS\system32;C:\WINDOWS;C:\WINDOWS\System32\Wbem;C:\WINDOWS\System32\WindowsPowerShell\v1.0\;C:\WINDOWS\System32\OpenSSH\;C:\Program Files\Microsoft SQL Server\110\Tools\Binn\;c:\Program Files (x86)\Microsoft SQL Server\110\Tools\Binn\;c:\Program Files\Microsoft SQL Server\110\DTS\Binn\;C:\Program Files (x86)\Intel\Intel(R) Management Engine Components\DAL;C:\Program Files\Intel\Intel(R) Management Engine Components\DAL;C:\Program Files (x86)\Calibre2\;C:\Program Files\Intel\WiFi\bin\;C:\Program Files\Common Files\Intel\WirelessCommon\;C:\Program Files\dotnet\;C:\Program Files\Microsoft SQL Server\130\Tools\Binn\;C:\Program Files\Microsoft SQL Server\Client SDK\ODBC\170\Tools\Binn\;c:\Program Files (x86)\Microsoft SQL Server\110\Tools\Binn\ManagementStudio\;c:\Program Files (x86)\Microsoft SQL Server\110\DTS\Binn\;C:\Program Files (x86)\Microsoft SQL Server\140\Tools\Binn\;C:\Program Files\Microsoft SQL Server\140\Tools\Binn\;C:\Program Files (x86)\Microsoft SQL Server\140\DTS\Binn\;C:\Program Files\Microsoft SQL Server\140\DTS\Binn\;C:\Program Files\Microsoft SQL Server\Client SDK\ODBC\130\Tools\Binn\;C:\Program Files\Git\cmd;C:\Program Files\Java\jdk-11.0.1\bin;C:\Users\britsg\AppData\Local\Microsoft\WindowsApps;C:\Users\britsg\AppData\Local\Programs\Fiddler;C:\Users\britsg\AppData\Local\Microsoft\WindowsApps;C:\Program Files\JetBrains\IntelliJ IDEA Community Edition 2021.2.1\bin;;C:\Users\britsg\Documents\NWU\2021\Second Semester\CMPG323\Project 1\apache-maven-3.8.2-bin\apache-maven-3.8.2;C:\Users\britsg\Documents\NWU\2021\Second Semester\CMPG323\Project 1\apache-maven-3.8.2-bin\apache-maven-3.8.2\bin;C:\Users\britsg\AppData\Local\GitHubDesktop\bin
USERNAME=BritsG
OS=Windows_NT
PROCESSOR_IDENTIFIER=Intel64 Family 6 Model 142 Stepping 10, GenuineIntel



---------------  S Y S T E M  ---------------

OS:
 Windows 10 , 64 bit Build 18362 (10.0.18362.1110)
OS uptime: 0 days 13:38 hours

CPU: total 8 (initial active 8) (4 cores per cpu, 2 threads per core) family 6 model 142 stepping 10 microcode 0x9a, cx8, cmov, fxsr, ht, mmx, 3dnowpref, sse, sse2, sse3, ssse3, sse4.1, sse4.2, popcnt, lzcnt, tsc, tscinvbit, avx, avx2, aes, erms, clmul, bmi1, bmi2, adx, fma, vzeroupper, clflush, clflushopt

Memory: 4k page, system-wide physical 16275M (3853M free)
TotalPageFile size 16275M (AvailPageFile size 173M)
current process WorkingSet (physical memory assigned to process): 10M, peak: 10M
current process commit charge ("private bytes"): 60M, peak: 316M

vm_info: OpenJDK 64-Bit Server VM (16.0.2+7-67) for windows-amd64 JRE (16.0.2+7-67), built on Jun  8 2021 23:21:43 by "mach5one" with MS VC++ 16.7 (VS2019)

END.
