#
# There is insufficient memory for the Java Runtime Environment to continue.
# Native memory allocation (mmap) failed to map 268435456 bytes for G1 virtual space
# Possible reasons:
#   The system is out of physical RAM or swap space
#   The process is running with CompressedOops enabled, and the Java Heap may be blocking the growth of the native heap
# Possible solutions:
#   Reduce memory load on the system
#   Increase physical memory or swap space
#   Check if swap backing store is full
#   Decrease Java heap size (-Xmx/-Xms)
#   Decrease number of Java threads
#   Decrease Java thread stack sizes (-Xss)
#   Set larger code cache with -XX:ReservedCodeCacheSize=
#   JVM is running with Zero Based Compressed Oops mode in which the Java heap is
#     placed in the first 32GB address space. The Java Heap base address is the
#     maximum limit for the native heap growth. Please use -XX:HeapBaseMinAddress
#     to set the Java Heap base and to place the Java Heap above 32GB virtual address.
# This output file may be truncated or incomplete.
#
#  Out of Memory Error (os_windows.cpp:3466), pid=20968, tid=16156
#
# JRE version:  (16.0.2+7) (build )
# Java VM: OpenJDK 64-Bit Server VM (16.0.2+7-67, mixed mode, sharing, tiered, compressed oops, compressed class ptrs, g1 gc, windows-amd64)
# No core dump will be written. Minidumps are not enabled by default on client versions of Windows
#

---------------  S U M M A R Y ------------

Command Line: -Dmaven.multiModuleProjectDirectory=C:\Users\britsg\Documents\NWU\2021\Second Semester\CMPG323\Project 1 New\AccountSystem -Dmaven.home=C:\Users\britsg\Documents\NWU\2021\Second Semester\CMPG323\Project 1\apache-maven-3.8.2-bin\apache-maven-3.8.2 -Dclassworlds.conf=C:\Users\britsg\Documents\NWU\2021\Second Semester\CMPG323\Project 1\apache-maven-3.8.2-bin\apache-maven-3.8.2\bin\m2.conf -Dmaven.ext.class.path=C:\Program Files\JetBrains\IntelliJ IDEA Community Edition 2021.2.1\plugins\maven\lib\maven-event-listener.jar -javaagent:C:\Program Files\JetBrains\IntelliJ IDEA Community Edition 2021.2.1\lib\idea_rt.jar=57096:C:\Program Files\JetBrains\IntelliJ IDEA Community Edition 2021.2.1\bin -Dfile.encoding=UTF-8 org.codehaus.classworlds.Launcher -Didea.version=2021.2.1 -s C:\Users\britsg\Documents\NWU\2021\Second Semester\CMPG323\Project 1\apache-maven-3.8.2-bin\apache-maven-3.8.2\conf\settings.xml clean

Host: Intel(R) Core(TM) i7-8550U CPU @ 1.80GHz, 8 cores, 15G,  Windows 10 , 64 bit Build 18362 (10.0.18362.1110)
Time: Fri Oct  1 19:27:59 2021 South Africa Standard Time elapsed time: 0.009227 seconds (0d 0h 0m 0s)

---------------  T H R E A D  ---------------

Current thread (0x000002499176efa0):  JavaThread "Unknown thread" [_thread_in_vm, id=16156, stack(0x000000c8f5a00000,0x000000c8f5b00000)]

Stack: [0x000000c8f5a00000,0x000000c8f5b00000]
Native frames: (J=compiled Java code, j=interpreted, Vv=VM code, C=native code)
V  [jvm.dll+0x6681ca]
V  [jvm.dll+0x7c9e69]
V  [jvm.dll+0x7cb61e]
V  [jvm.dll+0x7cbc73]
V  [jvm.dll+0x242c55]
V  [jvm.dll+0x664f89]
V  [jvm.dll+0x659b75]
V  [jvm.dll+0x2fbfbb]
V  [jvm.dll+0x3031b6]
V  [jvm.dll+0x35299e]
V  [jvm.dll+0x352bcf]
V  [jvm.dll+0x2d3028]
V  [jvm.dll+0x2d4264]
V  [jvm.dll+0x79c741]
V  [jvm.dll+0x360791]
V  [jvm.dll+0x77a3f0]
V  [jvm.dll+0x3e4e8f]
V  [jvm.dll+0x3e6961]
C  [jli.dll+0x52fb]
C  [ucrtbase.dll+0x210b2]
C  [KERNEL32.DLL+0x17c24]
C  [ntdll.dll+0x6d4d1]


---------------  P R O C E S S  ---------------

Threads class SMR info:
_java_thread_list=0x00007ffb4c87cbb8, length=0, elements={
}

Java Threads: ( => current thread )

Other Threads:
  0x00000249917c46d0 GCTaskThread "GC Thread#0" [stack: 0x000000c8f5b00000,0x000000c8f5c00000] [id=18820]
  0x00000249917d5560 ConcurrentGCThread "G1 Main Marker" [stack: 0x000000c8f5c00000,0x000000c8f5d00000] [id=15152]
  0x00000249917d5fd0 ConcurrentGCThread "G1 Conc#0" [stack: 0x000000c8f5d00000,0x000000c8f5e00000] [id=22472]

[error occurred during error reporting (printing all threads), id 0xc0000005, EXCEPTION_ACCESS_VIOLATION (0xc0000005) at pc=0x00007ffb4c053ee7]

VM state: not at safepoint (not fully initialized)

VM Mutex/Monitor currently owned by a thread:  ([mutex/lock_event])
[0x000002499176ccf0] Heap_lock - owner thread: 0x000002499176efa0

Heap address: 0x0000000701a00000, size: 4070 MB, Compressed Oops mode: Zero based, Oop shift amount: 3

CDS archive(s) mapped at: [0x0000000000000000-0x0000000000000000-0x0000000000000000), size 0, SharedBaseAddress: 0x0000000800000000, ArchiveRelocationMode: 0.
Narrow klass base: 0x0000000000000000, Narrow klass shift: 0, Narrow klass range: 0x0

GC Precious Log:
<Empty>

Heap:
 garbage-first heap   total 0K, used 0K [0x0000000701a00000, 0x0000000800000000)
  region size 2048K, 0 young (0K), 0 survivors (0K)

[error occurred during error reporting (printing heap information), id 0xc0000005, EXCEPTION_ACCESS_VIOLATION (0xc0000005) at pc=0x00007ffb4c431eed]

GC Heap History (0 events):
No events

Deoptimization events (0 events):
No events

Classes unloaded (0 events):
No events

Classes redefined (0 events):
No events

Internal exceptions (0 events):
No events

Events (1 events):
Event: 0.005 Loaded shared library C:\Program Files\Java\jdk-16.0.2\bin\java.dll


Dynamic libraries:
0x00007ff6acfd0000 - 0x00007ff6acfde000 	C:\Program Files\Java\jdk-16.0.2\bin\java.exe
0x00007ffba3ce0000 - 0x00007ffba3ed0000 	C:\WINDOWS\SYSTEM32\ntdll.dll
0x00007ffba2970000 - 0x00007ffba2a22000 	C:\WINDOWS\System32\KERNEL32.DLL
0x00007ffba1ae0000 - 0x00007ffba1d85000 	C:\WINDOWS\System32\KERNELBASE.dll
0x00007ffba1790000 - 0x00007ffba188a000 	C:\WINDOWS\System32\ucrtbase.dll
0x00007ffb98e90000 - 0x00007ffb98ea9000 	C:\Program Files\Java\jdk-16.0.2\bin\VCRUNTIME140.dll
0x00007ffb99280000 - 0x00007ffb99298000 	C:\Program Files\Java\jdk-16.0.2\bin\jli.dll
0x00007ffba2120000 - 0x00007ffba22b4000 	C:\WINDOWS\System32\USER32.dll
0x00007ffba0c80000 - 0x00007ffba0ca1000 	C:\WINDOWS\System32\win32u.dll
0x00007ffba2870000 - 0x00007ffba2896000 	C:\WINDOWS\System32\GDI32.dll
0x00007ffb89010000 - 0x00007ffb89294000 	C:\WINDOWS\WinSxS\amd64_microsoft.windows.common-controls_6595b64144ccf1df_6.0.18362.1256_none_9e7e379be45e40e2\COMCTL32.dll
0x00007ffba1890000 - 0x00007ffba1a26000 	C:\WINDOWS\System32\gdi32full.dll
0x00007ffba35c0000 - 0x00007ffba365e000 	C:\WINDOWS\System32\msvcrt.dll
0x00007ffba1460000 - 0x00007ffba14fe000 	C:\WINDOWS\System32\msvcp_win.dll
0x00007ffba2b90000 - 0x00007ffba2ec6000 	C:\WINDOWS\System32\combase.dll
0x00007ffba1ec0000 - 0x00007ffba1fe0000 	C:\WINDOWS\System32\RPCRT4.dll
0x00007ffba1550000 - 0x00007ffba15d1000 	C:\WINDOWS\System32\bcryptPrimitives.dll
0x00007ffba2580000 - 0x00007ffba25ae000 	C:\WINDOWS\System32\IMM32.DLL
0x00007ffb9a3a0000 - 0x00007ffb9a3ac000 	C:\Program Files\Java\jdk-16.0.2\bin\vcruntime140_1.dll
0x00007ffb87ad0000 - 0x00007ffb87b61000 	C:\Program Files\Java\jdk-16.0.2\bin\msvcp140.dll
0x00007ffb4bd70000 - 0x00007ffb4c91b000 	C:\Program Files\Java\jdk-16.0.2\bin\server\jvm.dll
0x00007ffba1d90000 - 0x00007ffba1e33000 	C:\WINDOWS\System32\ADVAPI32.dll
0x00007ffba22e0000 - 0x00007ffba2377000 	C:\WINDOWS\System32\sechost.dll
0x00007ffba22d0000 - 0x00007ffba22d8000 	C:\WINDOWS\System32\PSAPI.DLL
0x00007ffb9e790000 - 0x00007ffb9e799000 	C:\WINDOWS\SYSTEM32\WSOCK32.dll
0x00007ffb93750000 - 0x00007ffb93774000 	C:\WINDOWS\SYSTEM32\WINMM.dll
0x00007ffb9fc70000 - 0x00007ffb9fc7a000 	C:\WINDOWS\SYSTEM32\VERSION.dll
0x00007ffba3b50000 - 0x00007ffba3bbf000 	C:\WINDOWS\System32\WS2_32.dll
0x00007ffb93660000 - 0x00007ffb9368d000 	C:\WINDOWS\SYSTEM32\winmmbase.dll
0x00007ffba1500000 - 0x00007ffba154a000 	C:\WINDOWS\System32\cfgmgr32.dll
0x00007ffba0b90000 - 0x00007ffba0ba1000 	C:\WINDOWS\System32\kernel.appcore.dll
0x00007ffb9a380000 - 0x00007ffb9a38a000 	C:\Program Files\Java\jdk-16.0.2\bin\jimage.dll
0x00007ffb9f2b0000 - 0x00007ffb9f4a4000 	C:\WINDOWS\SYSTEM32\DBGHELP.DLL
0x00007ffb9e500000 - 0x00007ffb9e52a000 	C:\WINDOWS\SYSTEM32\dbgcore.DLL
0x00007ffb87a80000 - 0x00007ffb87a8e000 	C:\Program Files\Java\jdk-16.0.2\bin\instrument.dll
0x00007ffb98d90000 - 0x00007ffb98db5000 	C:\Program Files\Java\jdk-16.0.2\bin\java.dll

dbghelp: loaded successfully - version: 4.0.5 - missing functions: none
symbol engine: initialized successfully - sym options: 0x614 - pdb path: .;C:\Program Files\Java\jdk-16.0.2\bin;C:\WINDOWS\SYSTEM32;C:\WINDOWS\WinSxS\amd64_microsoft.windows.common-controls_6595b64144ccf1df_6.0.18362.1256_none_9e7e379be45e40e2;C:\Program Files\Java\jdk-16.0.2\bin\server

VM Arguments:
jvm_args: -Dmaven.multiModuleProjectDirectory=C:\Users\britsg\Documents\NWU\2021\Second Semester\CMPG323\Project 1 New\AccountSystem -Dmaven.home=C:\Users\britsg\Documents\NWU\2021\Second Semester\CMPG323\Project 1\apache-maven-3.8.2-bin\apache-maven-3.8.2 -Dclassworlds.conf=C:\Users\britsg\Documents\NWU\2021\Second Semester\CMPG323\Project 1\apache-maven-3.8.2-bin\apache-maven-3.8.2\bin\m2.conf -Dmaven.ext.class.path=C:\Program Files\JetBrains\IntelliJ IDEA Community Edition 2021.2.1\plugins\maven\lib\maven-event-listener.jar -javaagent:C:\Program Files\JetBrains\IntelliJ IDEA Community Edition 2021.2.1\lib\idea_rt.jar=57096:C:\Program Files\JetBrains\IntelliJ IDEA Community Edition 2021.2.1\bin -Dfile.encoding=UTF-8 
java_command: org.codehaus.classworlds.Launcher -Didea.version=2021.2.1 -s C:\Users\britsg\Documents\NWU\2021\Second Semester\CMPG323\Project 1\apache-maven-3.8.2-bin\apache-maven-3.8.2\conf\settings.xml clean
java_class_path (initial): C:\Users\britsg\Documents\NWU\2021\Second Semester\CMPG323\Project 1\apache-maven-3.8.2-bin\apache-maven-3.8.2\boot\plexus-classworlds-2.6.0.jar;C:\Users\britsg\Documents\NWU\2021\Second Semester\CMPG323\Project 1\apache-maven-3.8.2-bin\apache-maven-3.8.2\boot\plexus-classworlds.license
Launcher Type: SUN_STANDARD

[Global flags]
     intx CICompilerCount                          = 4                                         {product} {ergonomic}
     uint ConcGCThreads                            = 2                                         {product} {ergonomic}
     uint G1ConcRefinementThreads                  = 8                                         {product} {ergonomic}
   size_t G1HeapRegionSize                         = 2097152                                   {product} {ergonomic}
    uintx GCDrainStackTargetSize                   = 64                                        {product} {ergonomic}
   size_t InitialHeapSize                          = 268435456                                 {product} {ergonomic}
   size_t MarkStackSize                            = 4194304                                   {product} {ergonomic}
   size_t MaxHeapSize                              = 4267704320                                {product} {ergonomic}
   size_t MinHeapDeltaBytes                        = 2097152                                   {product} {ergonomic}
   size_t MinHeapSize                              = 8388608                                   {product} {ergonomic}
    uintx NonNMethodCodeHeapSize                   = 5839372                                {pd product} {ergonomic}
    uintx NonProfiledCodeHeapSize                  = 122909434                              {pd product} {ergonomic}
    uintx ProfiledCodeHeapSize                     = 122909434                              {pd product} {ergonomic}
    uintx ReservedCodeCacheSize                    = 251658240                              {pd product} {ergonomic}
     bool SegmentedCodeCache                       = true                                      {product} {ergonomic}
   size_t SoftMaxHeapSize                          = 4267704320                             {manageable} {ergonomic}
     bool UseCompressedClassPointers               = true                           {product lp64_product} {ergonomic}
     bool UseCompressedOops                        = true                           {product lp64_product} {ergonomic}
     bool UseG1GC                                  = true                                      {product} {ergonomic}
     bool UseLargePagesIndividualAllocation        = false                                  {pd product} {ergonomic}

Logging:
Log output configuration:
 #0: stdout all=warning uptime,level,tags
 #1: stderr all=off uptime,level,tags

Environment Variables:
JAVA_HOME=C:\Users\britsg\Documents\NWU\2021\Second Semester\CMPG323\Project 1\openjdk-16.0.2_windows-x64_bin\jdk-16.0.2
PATH=C:\oraclexe\app\oracle\product\11.2.0\server\bin;;C:\Program Files (x86)\Common Files\Oracle\Java\javapath;C:\Program Files\Java\jdk-11.0.1\bin\;C:\windows\system32;C:\windows;C:\windows\System32\Wbem;C:\windows\System32\WindowsPowerShell\v1.0\;C:\Program Files (x86)\NVIDIA Corporation\PhysX\Common;C:\WINDOWS\system32;C:\WINDOWS;C:\WINDOWS\System32\Wbem;C:\WINDOWS\System32\WindowsPowerShell\v1.0\;C:\WINDOWS\System32\OpenSSH\;C:\Program Files\Microsoft SQL Server\110\Tools\Binn\;c:\Program Files (x86)\Microsoft SQL Server\110\Tools\Binn\;c:\Program Files\Microsoft SQL Server\110\DTS\Binn\;C:\Program Files (x86)\Intel\Intel(R) Management Engine Components\DAL;C:\Program Files\Intel\Intel(R) Management Engine Components\DAL;C:\Program Files (x86)\Calibre2\;C:\Program Files\Intel\WiFi\bin\;C:\Program Files\Common Files\Intel\WirelessCommon\;C:\Program Files\dotnet\;C:\Program Files\Microsoft SQL Server\130\Tools\Binn\;C:\Program Files\Microsoft SQL Server\Client SDK\ODBC\170\Tools\Binn\;c:\Program Files (x86)\Microsoft SQL Server\110\Tools\Binn\ManagementStudio\;c:\Program Files (x86)\Microsoft SQL Server\110\DTS\Binn\;C:\Program Files (x86)\Microsoft SQL Server\140\Tools\Binn\;C:\Program Files\Microsoft SQL Server\140\Tools\Binn\;C:\Program Files (x86)\Microsoft SQL Server\140\DTS\Binn\;C:\Program Files\Microsoft SQL Server\140\DTS\Binn\;C:\Program Files\Microsoft SQL Server\Client SDK\ODBC\130\Tools\Binn\;C:\Program Files\Java\jdk-11.0.1\bin;C:\Users\britsg\AppData\Local\Microsoft\WindowsApps;C:\Users\britsg\AppData\Local\Programs\Fiddler;C:\Users\britsg\AppData\Local\Microsoft\WindowsApps;C:\Program Files\JetBrains\IntelliJ IDEA Community Edition 2021.2.1\bin;;C:\Users\britsg\Documents\NWU\2021\Second Semester\CMPG323\Project 1\apache-maven-3.8.2-bin\apache-maven-3.8.2;C:\Users\britsg\Documents\NWU\2021\Second Semester\CMPG323\Project 1\apache-maven-3.8.2-bin\apache-maven-3.8.2\bin;
USERNAME=BritsG
OS=Windows_NT
PROCESSOR_IDENTIFIER=Intel64 Family 6 Model 142 Stepping 10, GenuineIntel



---------------  S Y S T E M  ---------------

OS:
 Windows 10 , 64 bit Build 18362 (10.0.18362.1110)
OS uptime: 0 days 4:12 hours

CPU: total 8 (initial active 8) (4 cores per cpu, 2 threads per core) family 6 model 142 stepping 10 microcode 0x9a, cx8, cmov, fxsr, ht, mmx, 3dnowpref, sse, sse2, sse3, ssse3, sse4.1, sse4.2, popcnt, lzcnt, tsc, tscinvbit, avx, avx2, aes, erms, clmul, bmi1, bmi2, adx, fma, vzeroupper, clflush, clflushopt

Memory: 4k page, system-wide physical 16275M (3457M free)
TotalPageFile size 16275M (AvailPageFile size 5M)
current process WorkingSet (physical memory assigned to process): 10M, peak: 10M
current process commit charge ("private bytes"): 60M, peak: 316M

vm_info: OpenJDK 64-Bit Server VM (16.0.2+7-67) for windows-amd64 JRE (16.0.2+7-67), built on Jun  8 2021 23:21:43 by "mach5one" with MS VC++ 16.7 (VS2019)

END.
